{"contracts/adapters/BaseAdapter.sol":{"l":{"39":0,"41":0,"43":0,"49":0,"51":0,"53":0,"58":0,"63":0,"70":0,"77":0,"83":0},"path":"/Users/demis/lys-protocol/contracts/adapters/BaseAdapter.sol","s":{"1":0,"2":0,"3":0,"4":0,"5":0,"6":0,"7":0,"8":0,"9":0},"b":{"1":[0,0],"2":[0,0],"3":[0,0],"4":[0,0],"5":[0,0],"6":[0,0]},"f":{"1":0,"2":0,"3":0,"4":0,"5":0,"6":0,"7":0},"fnMap":{"1":{"name":"setWETHAddress","line":38,"loc":{"start":{"line":38,"column":4},"end":{"line":44,"column":4}}},"2":{"name":"setSlippage","line":48,"loc":{"start":{"line":48,"column":4},"end":{"line":54,"column":4}}},"3":{"name":"pause","line":57,"loc":{"start":{"line":57,"column":4},"end":{"line":59,"column":4}}},"4":{"name":"unpause","line":62,"loc":{"start":{"line":62,"column":4},"end":{"line":64,"column":4}}},"5":{"name":"_checkZeroAddress","line":69,"loc":{"start":{"line":69,"column":4},"end":{"line":71,"column":4}}},"6":{"name":"_checkZeroAmount","line":76,"loc":{"start":{"line":76,"column":4},"end":{"line":78,"column":4}}},"7":{"name":"getSlippage","line":82,"loc":{"start":{"line":82,"column":4},"end":{"line":84,"column":4}}}},"statementMap":{"1":{"start":{"line":39,"column":8},"end":{"line":39,"column":54}},"2":{"start":{"line":41,"column":8},"end":{"line":41,"column":56}},"3":{"start":{"line":49,"column":8},"end":{"line":49,"column":47}},"4":{"start":{"line":51,"column":8},"end":{"line":51,"column":39}},"5":{"start":{"line":58,"column":8},"end":{"line":58,"column":15}},"6":{"start":{"line":63,"column":8},"end":{"line":63,"column":17}},"7":{"start":{"line":70,"column":8},"end":{"line":70,"column":74}},"8":{"start":{"line":77,"column":8},"end":{"line":77,"column":64}},"9":{"start":{"line":83,"column":8},"end":{"line":83,"column":23}}},"branchMap":{"1":{"line":38,"type":"if","locations":[{"start":{"line":38,"column":59},"end":{"line":38,"column":59}},{"start":{"line":38,"column":59},"end":{"line":38,"column":59}}]},"2":{"line":48,"type":"if","locations":[{"start":{"line":48,"column":53},"end":{"line":48,"column":53}},{"start":{"line":48,"column":53},"end":{"line":48,"column":53}}]},"3":{"line":57,"type":"if","locations":[{"start":{"line":57,"column":30},"end":{"line":57,"column":30}},{"start":{"line":57,"column":30},"end":{"line":57,"column":30}}]},"4":{"line":62,"type":"if","locations":[{"start":{"line":62,"column":32},"end":{"line":62,"column":32}},{"start":{"line":62,"column":32},"end":{"line":62,"column":32}}]},"5":{"line":70,"type":"if","locations":[{"start":{"line":70,"column":8},"end":{"line":70,"column":8}},{"start":{"line":70,"column":8},"end":{"line":70,"column":8}}]},"6":{"line":77,"type":"if","locations":[{"start":{"line":77,"column":8},"end":{"line":77,"column":8}},{"start":{"line":77,"column":8},"end":{"line":77,"column":8}}]}}},"contracts/adapters/etherfi/EtherFiAdapter.sol":{"l":{"45":0,"46":0,"47":0,"49":0,"50":0,"51":0,"53":0,"55":0,"57":0,"58":0,"61":0,"63":0,"90":0,"91":0,"92":0,"93":0,"96":0,"97":0,"100":0,"103":0,"105":0,"106":0,"108":0,"109":0,"112":0,"114":0,"116":0,"117":0,"119":0,"123":0,"126":0,"129":0,"134":0,"136":0,"138":0,"144":0,"149":0,"154":0,"167":0},"path":"/Users/demis/lys-protocol/contracts/adapters/etherfi/EtherFiAdapter.sol","s":{"1":0,"2":0,"3":0,"4":0,"5":0,"6":0,"7":0,"8":0,"9":0,"10":0,"11":0,"12":0,"13":0,"14":0,"15":0,"16":0,"17":0,"18":0,"19":0,"20":0,"21":0,"22":0,"23":0,"24":0,"25":0,"26":0,"27":0,"28":0,"29":0},"b":{"1":[0,0],"2":[0,0],"3":[0,0],"4":[0,0],"5":[0,0],"6":[0,0],"7":[0,0],"8":[0,0]},"f":{"1":0,"2":0,"3":0,"4":0,"5":0,"6":0,"7":0},"fnMap":{"1":{"name":"initialize","line":44,"loc":{"start":{"line":40,"column":4},"end":{"line":64,"column":4}}},"2":{"name":"deposit","line":87,"loc":{"start":{"line":77,"column":4},"end":{"line":130,"column":4}}},"3":{"name":"setLiquifierAddress","line":133,"loc":{"start":{"line":133,"column":4},"end":{"line":139,"column":4}}},"4":{"name":"getProtocol","line":143,"loc":{"start":{"line":143,"column":4},"end":{"line":145,"column":4}}},"5":{"name":"claimEarnings","line":148,"loc":{"start":{"line":148,"column":4},"end":{"line":150,"column":4}}},"6":{"name":"getTokenPrice","line":153,"loc":{"start":{"line":153,"column":4},"end":{"line":155,"column":4}}},"7":{"name":"withdraw","line":158,"loc":{"start":{"line":158,"column":4},"end":{"line":168,"column":4}}}},"statementMap":{"1":{"start":{"line":45,"column":8},"end":{"line":45,"column":64}},"2":{"start":{"line":46,"column":8},"end":{"line":46,"column":53}},"3":{"start":{"line":47,"column":8},"end":{"line":47,"column":55}},"4":{"start":{"line":49,"column":8},"end":{"line":49,"column":29}},"5":{"start":{"line":50,"column":8},"end":{"line":50,"column":31}},"6":{"start":{"line":51,"column":8},"end":{"line":51,"column":24}},"7":{"start":{"line":53,"column":8},"end":{"line":53,"column":51}},"8":{"start":{"line":90,"column":8},"end":{"line":90,"column":44}},"9":{"start":{"line":91,"column":8},"end":{"line":91,"column":48}},"10":{"start":{"line":92,"column":8},"end":{"line":92,"column":42}},"11":{"start":{"line":93,"column":8},"end":{"line":93,"column":53}},"12":{"start":{"line":96,"column":8},"end":{"line":96,"column":76}},"13":{"start":{"line":97,"column":8},"end":{"line":97,"column":61}},"14":{"start":{"line":100,"column":8},"end":{"line":100,"column":73}},"15":{"start":{"line":103,"column":8},"end":{"line":103,"column":93}},"16":{"start":{"line":105,"column":8},"end":{"line":105,"column":73}},"17":{"start":{"line":106,"column":8},"end":{"line":106,"column":99}},"18":{"start":{"line":112,"column":8},"end":{"line":112,"column":4239}},"19":{"start":{"line":114,"column":12},"end":{"line":114,"column":64}},"20":{"start":{"line":119,"column":12},"end":{"line":119,"column":84}},"21":{"start":{"line":123,"column":8},"end":{"line":123,"column":65}},"22":{"start":{"line":126,"column":8},"end":{"line":126,"column":91}},"23":{"start":{"line":129,"column":8},"end":{"line":129,"column":43}},"24":{"start":{"line":134,"column":8},"end":{"line":134,"column":64}},"25":{"start":{"line":136,"column":8},"end":{"line":136,"column":67}},"26":{"start":{"line":144,"column":8},"end":{"line":144,"column":31}},"27":{"start":{"line":149,"column":8},"end":{"line":149,"column":25}},"28":{"start":{"line":154,"column":8},"end":{"line":154,"column":25}},"29":{"start":{"line":167,"column":8},"end":{"line":167,"column":25}}},"branchMap":{"1":{"line":44,"type":"if","locations":[{"start":{"line":44,"column":13},"end":{"line":44,"column":13}},{"start":{"line":44,"column":13},"end":{"line":44,"column":13}}]},"2":{"line":85,"type":"if","locations":[{"start":{"line":85,"column":8},"end":{"line":85,"column":8}},{"start":{"line":85,"column":8},"end":{"line":85,"column":8}}]},"3":{"line":86,"type":"if","locations":[{"start":{"line":86,"column":8},"end":{"line":86,"column":8}},{"start":{"line":86,"column":8},"end":{"line":86,"column":8}}]},"4":{"line":87,"type":"if","locations":[{"start":{"line":87,"column":8},"end":{"line":87,"column":8}},{"start":{"line":87,"column":8},"end":{"line":87,"column":8}}]},"5":{"line":106,"type":"if","locations":[{"start":{"line":106,"column":8},"end":{"line":106,"column":8}},{"start":{"line":106,"column":8},"end":{"line":106,"column":8}}]},"6":{"line":112,"type":"if","locations":[{"start":{"line":112,"column":8},"end":{"line":112,"column":8}},{"start":{"line":112,"column":8},"end":{"line":112,"column":8}}]},"7":{"line":119,"type":"if","locations":[{"start":{"line":119,"column":12},"end":{"line":119,"column":12}},{"start":{"line":119,"column":12},"end":{"line":119,"column":12}}]},"8":{"line":133,"type":"if","locations":[{"start":{"line":133,"column":69},"end":{"line":133,"column":69}},{"start":{"line":133,"column":69},"end":{"line":133,"column":69}}]}}},"contracts/adapters/etherfi/interfaces/IEtherFiLiqudityPool.sol":{"l":{},"path":"/Users/demis/lys-protocol/contracts/adapters/etherfi/interfaces/IEtherFiLiqudityPool.sol","s":{},"b":{},"f":{},"fnMap":{},"statementMap":{},"branchMap":{}},"contracts/adapters/etherfi/interfaces/IEtherFiLiquifier.sol":{"l":{},"path":"/Users/demis/lys-protocol/contracts/adapters/etherfi/interfaces/IEtherFiLiquifier.sol","s":{},"b":{},"f":{},"fnMap":{},"statementMap":{},"branchMap":{}},"contracts/adapters/etherfi/interfaces/IEtherFiWithdrawRequestNFT.sol":{"l":{},"path":"/Users/demis/lys-protocol/contracts/adapters/etherfi/interfaces/IEtherFiWithdrawRequestNFT.sol","s":{},"b":{},"f":{},"fnMap":{},"statementMap":{},"branchMap":{}},"contracts/adapters/etherfi/interfaces/IweETH.sol":{"l":{},"path":"/Users/demis/lys-protocol/contracts/adapters/etherfi/interfaces/IweETH.sol","s":{},"b":{},"f":{},"fnMap":{},"statementMap":{},"branchMap":{}},"contracts/adapters/kelp/interfaces/IKelpProtocol.sol":{"l":{},"path":"/Users/demis/lys-protocol/contracts/adapters/kelp/interfaces/IKelpProtocol.sol","s":{},"b":{},"f":{},"fnMap":{},"statementMap":{},"branchMap":{}},"contracts/adapters/kelp/KelpAdapter.sol":{"l":{"35":0,"36":0,"38":0,"39":0,"40":0,"42":0,"44":0,"46":0,"49":0,"51":0,"78":0,"79":0,"80":0,"81":0,"84":0,"85":0,"88":0,"91":0,"92":0,"95":0,"96":0,"99":0,"105":0,"112":0,"113":0,"114":0,"116":0,"117":0,"120":0,"123":0,"126":0,"133":0,"135":0,"137":0,"143":0,"148":0,"153":0,"166":0},"path":"/Users/demis/lys-protocol/contracts/adapters/kelp/KelpAdapter.sol","s":{"1":0,"2":0,"3":0,"4":0,"5":0,"6":0,"7":0,"8":0,"9":0,"10":0,"11":0,"12":0,"13":0,"14":0,"15":0,"16":0,"17":0,"18":0,"19":0,"20":0,"21":0,"22":0,"23":0,"24":0,"25":0,"26":0,"27":0,"28":0},"b":{"1":[0,0],"2":[0,0],"3":[0,0],"4":[0,0],"5":[0,0],"6":[0,0],"7":[0,0],"8":[0,0]},"f":{"1":0,"2":0,"3":0,"4":0,"5":0,"6":0,"7":0},"fnMap":{"1":{"name":"initialize","line":34,"loc":{"start":{"line":34,"column":4},"end":{"line":52,"column":4}}},"2":{"name":"deposit","line":75,"loc":{"start":{"line":65,"column":4},"end":{"line":127,"column":4}}},"3":{"name":"setKelpProtocolAddress","line":132,"loc":{"start":{"line":130,"column":4},"end":{"line":138,"column":4}}},"4":{"name":"getProtocol","line":142,"loc":{"start":{"line":142,"column":4},"end":{"line":144,"column":4}}},"5":{"name":"claimEarnings","line":147,"loc":{"start":{"line":147,"column":4},"end":{"line":149,"column":4}}},"6":{"name":"getTokenPrice","line":152,"loc":{"start":{"line":152,"column":4},"end":{"line":154,"column":4}}},"7":{"name":"withdraw","line":157,"loc":{"start":{"line":157,"column":4},"end":{"line":167,"column":4}}}},"statementMap":{"1":{"start":{"line":35,"column":8},"end":{"line":35,"column":70}},"2":{"start":{"line":36,"column":8},"end":{"line":36,"column":56}},"3":{"start":{"line":38,"column":8},"end":{"line":38,"column":29}},"4":{"start":{"line":39,"column":8},"end":{"line":39,"column":31}},"5":{"start":{"line":40,"column":8},"end":{"line":40,"column":24}},"6":{"start":{"line":42,"column":8},"end":{"line":42,"column":51}},"7":{"start":{"line":78,"column":8},"end":{"line":78,"column":44}},"8":{"start":{"line":79,"column":8},"end":{"line":79,"column":48}},"9":{"start":{"line":80,"column":8},"end":{"line":80,"column":42}},"10":{"start":{"line":81,"column":8},"end":{"line":81,"column":53}},"11":{"start":{"line":84,"column":8},"end":{"line":84,"column":76}},"12":{"start":{"line":85,"column":8},"end":{"line":85,"column":64}},"13":{"start":{"line":88,"column":8},"end":{"line":88,"column":74}},"14":{"start":{"line":91,"column":8},"end":{"line":91,"column":3366}},"15":{"start":{"line":95,"column":8},"end":{"line":95,"column":3552}},"16":{"start":{"line":99,"column":8},"end":{"line":99,"column":3701}},"17":{"start":{"line":105,"column":8},"end":{"line":105,"column":3913}},"18":{"start":{"line":112,"column":8},"end":{"line":112,"column":75}},"19":{"start":{"line":113,"column":8},"end":{"line":113,"column":4271}},"20":{"start":{"line":120,"column":8},"end":{"line":120,"column":65}},"21":{"start":{"line":123,"column":8},"end":{"line":123,"column":91}},"22":{"start":{"line":126,"column":8},"end":{"line":126,"column":43}},"23":{"start":{"line":133,"column":8},"end":{"line":133,"column":70}},"24":{"start":{"line":135,"column":8},"end":{"line":135,"column":73}},"25":{"start":{"line":143,"column":8},"end":{"line":143,"column":34}},"26":{"start":{"line":148,"column":8},"end":{"line":148,"column":25}},"27":{"start":{"line":153,"column":8},"end":{"line":153,"column":25}},"28":{"start":{"line":166,"column":8},"end":{"line":166,"column":25}}},"branchMap":{"1":{"line":34,"type":"if","locations":[{"start":{"line":34,"column":84},"end":{"line":34,"column":84}},{"start":{"line":34,"column":84},"end":{"line":34,"column":84}}]},"2":{"line":73,"type":"if","locations":[{"start":{"line":73,"column":8},"end":{"line":73,"column":8}},{"start":{"line":73,"column":8},"end":{"line":73,"column":8}}]},"3":{"line":74,"type":"if","locations":[{"start":{"line":74,"column":8},"end":{"line":74,"column":8}},{"start":{"line":74,"column":8},"end":{"line":74,"column":8}}]},"4":{"line":75,"type":"if","locations":[{"start":{"line":75,"column":8},"end":{"line":75,"column":8}},{"start":{"line":75,"column":8},"end":{"line":75,"column":8}}]},"5":{"line":91,"type":"if","locations":[{"start":{"line":91,"column":8},"end":{"line":91,"column":8}},{"start":{"line":91,"column":8},"end":{"line":91,"column":8}}]},"6":{"line":95,"type":"if","locations":[{"start":{"line":95,"column":8},"end":{"line":95,"column":8}},{"start":{"line":95,"column":8},"end":{"line":95,"column":8}}]},"7":{"line":113,"type":"if","locations":[{"start":{"line":113,"column":8},"end":{"line":113,"column":8}},{"start":{"line":113,"column":8},"end":{"line":113,"column":8}}]},"8":{"line":132,"type":"if","locations":[{"start":{"line":132,"column":15},"end":{"line":132,"column":15}},{"start":{"line":132,"column":15},"end":{"line":132,"column":15}}]}}},"contracts/adapters/lido/interfaces/ILidoProtocol.sol":{"l":{},"path":"/Users/demis/lys-protocol/contracts/adapters/lido/interfaces/ILidoProtocol.sol","s":{},"b":{},"f":{},"fnMap":{},"statementMap":{},"branchMap":{}},"contracts/adapters/lido/interfaces/IwstETH.sol":{"l":{},"path":"/Users/demis/lys-protocol/contracts/adapters/lido/interfaces/IwstETH.sol","s":{},"b":{},"f":{},"fnMap":{},"statementMap":{},"branchMap":{}},"contracts/adapters/lido/LidoAdapter.sol":{"l":{"47":0,"48":0,"49":0,"51":0,"52":0,"53":0,"55":0,"57":0,"58":0,"59":0,"62":0,"65":0,"94":0,"95":0,"96":0,"97":0,"100":0,"103":0,"106":0,"109":0,"112":0,"115":0,"117":0,"118":0,"119":0,"121":0,"122":0,"125":0,"127":0,"129":0,"130":0,"132":0,"136":0,"139":0,"142":0,"149":0,"151":0,"153":0,"160":0,"162":0,"164":0,"170":0,"175":0,"181":0,"183":0,"184":0,"187":0,"190":0,"201":0,"214":0},"path":"/Users/demis/lys-protocol/contracts/adapters/lido/LidoAdapter.sol","s":{"1":0,"2":0,"3":0,"4":0,"5":0,"6":0,"7":0,"8":0,"9":0,"10":0,"11":0,"12":0,"13":0,"14":0,"15":0,"16":0,"17":0,"18":0,"19":0,"20":0,"21":0,"22":0,"23":0,"24":0,"25":0,"26":0,"27":0,"28":0,"29":0,"30":0,"31":0,"32":0,"33":0,"34":0,"35":0,"36":0,"37":0},"b":{"1":[0,0],"2":[0,0],"3":[0,0],"4":[0,0],"5":[0,0],"6":[0,0],"7":[0,0],"8":[0,0],"9":[0,0],"10":[0,0],"11":[0,0],"12":[0,0],"13":[0,0],"14":[0,0]},"f":{"1":0,"2":0,"3":0,"4":0,"5":0,"6":0,"7":0,"8":0},"fnMap":{"1":{"name":"initialize","line":46,"loc":{"start":{"line":42,"column":4},"end":{"line":66,"column":4}}},"2":{"name":"deposit","line":91,"loc":{"start":{"line":81,"column":4},"end":{"line":143,"column":4}}},"3":{"name":"setprotocolAddress","line":148,"loc":{"start":{"line":148,"column":4},"end":{"line":154,"column":4}}},"4":{"name":"setWstETHAddress","line":159,"loc":{"start":{"line":159,"column":4},"end":{"line":165,"column":4}}},"5":{"name":"getProtocol","line":169,"loc":{"start":{"line":169,"column":4},"end":{"line":171,"column":4}}},"6":{"name":"claimEarnings","line":174,"loc":{"start":{"line":174,"column":4},"end":{"line":176,"column":4}}},"7":{"name":"getTokenPrice","line":179,"loc":{"start":{"line":179,"column":4},"end":{"line":202,"column":4}}},"8":{"name":"withdraw","line":205,"loc":{"start":{"line":205,"column":4},"end":{"line":215,"column":4}}}},"statementMap":{"1":{"start":{"line":47,"column":8},"end":{"line":47,"column":62}},"2":{"start":{"line":48,"column":8},"end":{"line":48,"column":54}},"3":{"start":{"line":49,"column":8},"end":{"line":49,"column":58}},"4":{"start":{"line":51,"column":8},"end":{"line":51,"column":29}},"5":{"start":{"line":52,"column":8},"end":{"line":52,"column":31}},"6":{"start":{"line":53,"column":8},"end":{"line":53,"column":24}},"7":{"start":{"line":55,"column":8},"end":{"line":55,"column":51}},"8":{"start":{"line":94,"column":8},"end":{"line":94,"column":44}},"9":{"start":{"line":95,"column":8},"end":{"line":95,"column":48}},"10":{"start":{"line":96,"column":8},"end":{"line":96,"column":42}},"11":{"start":{"line":97,"column":8},"end":{"line":97,"column":53}},"12":{"start":{"line":100,"column":8},"end":{"line":100,"column":59}},"13":{"start":{"line":103,"column":8},"end":{"line":103,"column":81}},"14":{"start":{"line":106,"column":8},"end":{"line":106,"column":48}},"15":{"start":{"line":109,"column":8},"end":{"line":109,"column":84}},"16":{"start":{"line":112,"column":8},"end":{"line":112,"column":74}},"17":{"start":{"line":115,"column":8},"end":{"line":115,"column":77}},"18":{"start":{"line":117,"column":8},"end":{"line":117,"column":78}},"19":{"start":{"line":118,"column":8},"end":{"line":118,"column":4682}},"20":{"start":{"line":125,"column":8},"end":{"line":125,"column":4865}},"21":{"start":{"line":127,"column":12},"end":{"line":127,"column":70}},"22":{"start":{"line":132,"column":12},"end":{"line":132,"column":84}},"23":{"start":{"line":136,"column":8},"end":{"line":136,"column":65}},"24":{"start":{"line":139,"column":8},"end":{"line":139,"column":91}},"25":{"start":{"line":142,"column":8},"end":{"line":142,"column":43}},"26":{"start":{"line":149,"column":8},"end":{"line":149,"column":62}},"27":{"start":{"line":151,"column":8},"end":{"line":151,"column":64}},"28":{"start":{"line":160,"column":8},"end":{"line":160,"column":58}},"29":{"start":{"line":162,"column":8},"end":{"line":162,"column":60}},"30":{"start":{"line":170,"column":8},"end":{"line":170,"column":30}},"31":{"start":{"line":175,"column":8},"end":{"line":175,"column":25}},"32":{"start":{"line":181,"column":8},"end":{"line":181,"column":21}},"33":{"start":{"line":183,"column":8},"end":{"line":183,"column":7130}},"34":{"start":{"line":185,"column":15},"end":{"line":185,"column":7204}},"35":{"start":{"line":190,"column":8},"end":{"line":190,"column":93}},"36":{"start":{"line":201,"column":8},"end":{"line":201,"column":20}},"37":{"start":{"line":214,"column":8},"end":{"line":214,"column":25}}},"branchMap":{"1":{"line":46,"type":"if","locations":[{"start":{"line":46,"column":13},"end":{"line":46,"column":13}},{"start":{"line":46,"column":13},"end":{"line":46,"column":13}}]},"2":{"line":89,"type":"if","locations":[{"start":{"line":89,"column":8},"end":{"line":89,"column":8}},{"start":{"line":89,"column":8},"end":{"line":89,"column":8}}]},"3":{"line":90,"type":"if","locations":[{"start":{"line":90,"column":8},"end":{"line":90,"column":8}},{"start":{"line":90,"column":8},"end":{"line":90,"column":8}}]},"4":{"line":91,"type":"if","locations":[{"start":{"line":91,"column":8},"end":{"line":91,"column":8}},{"start":{"line":91,"column":8},"end":{"line":91,"column":8}}]},"5":{"line":100,"type":"if","locations":[{"start":{"line":100,"column":8},"end":{"line":100,"column":8}},{"start":{"line":100,"column":8},"end":{"line":100,"column":8}}]},"6":{"line":109,"type":"if","locations":[{"start":{"line":109,"column":8},"end":{"line":109,"column":8}},{"start":{"line":109,"column":8},"end":{"line":109,"column":8}}]},"7":{"line":118,"type":"if","locations":[{"start":{"line":118,"column":8},"end":{"line":118,"column":8}},{"start":{"line":118,"column":8},"end":{"line":118,"column":8}}]},"8":{"line":125,"type":"if","locations":[{"start":{"line":125,"column":8},"end":{"line":125,"column":8}},{"start":{"line":125,"column":8},"end":{"line":125,"column":8}}]},"9":{"line":132,"type":"if","locations":[{"start":{"line":132,"column":12},"end":{"line":132,"column":12}},{"start":{"line":132,"column":12},"end":{"line":132,"column":12}}]},"10":{"line":148,"type":"if","locations":[{"start":{"line":148,"column":67},"end":{"line":148,"column":67}},{"start":{"line":148,"column":67},"end":{"line":148,"column":67}}]},"11":{"line":159,"type":"if","locations":[{"start":{"line":159,"column":63},"end":{"line":159,"column":63}},{"start":{"line":159,"column":63},"end":{"line":159,"column":63}}]},"12":{"line":183,"type":"if","locations":[{"start":{"line":183,"column":8},"end":{"line":183,"column":8}},{"start":{"line":183,"column":8},"end":{"line":183,"column":8}}]},"13":{"line":185,"type":"if","locations":[{"start":{"line":185,"column":15},"end":{"line":185,"column":15}},{"start":{"line":185,"column":15},"end":{"line":185,"column":15}}]},"14":{"line":190,"type":"if","locations":[{"start":{"line":190,"column":8},"end":{"line":190,"column":8}},{"start":{"line":190,"column":8},"end":{"line":190,"column":8}}]}}},"contracts/adapters/renzo/interfaces/IRenzoLiquifier.sol":{"l":{},"path":"/Users/demis/lys-protocol/contracts/adapters/renzo/interfaces/IRenzoLiquifier.sol","s":{},"b":{},"f":{},"fnMap":{},"statementMap":{},"branchMap":{}},"contracts/adapters/renzo/RenzoAdapter.sol":{"l":{"36":0,"37":0,"38":0,"40":0,"41":0,"42":0,"44":0,"46":0,"47":0,"48":0,"51":0,"81":0,"82":0,"83":0,"84":0,"91":0,"92":0,"96":0,"101":0,"103":0,"104":0,"106":0,"112":0,"114":0,"116":0,"117":0,"121":0,"124":0,"129":0,"131":0,"133":0,"139":0,"144":0,"149":0,"162":0},"path":"/Users/demis/lys-protocol/contracts/adapters/renzo/RenzoAdapter.sol","s":{"1":0,"2":0,"3":0,"4":0,"5":0,"6":0,"7":0,"8":0,"9":0,"10":0,"11":0,"12":0,"13":0,"14":0,"15":0,"16":0,"17":0,"18":0,"19":0,"20":0,"21":0,"22":0,"23":0,"24":0,"25":0,"26":0,"27":0},"b":{"1":[0,0],"2":[0,0],"3":[0,0],"4":[0,0],"5":[0,0],"6":[0,0],"7":[0,0]},"f":{"1":0,"2":0,"3":0,"4":0,"5":0,"6":0,"7":0,"8":0},"fnMap":{"1":{"name":"initialize","line":35,"loc":{"start":{"line":31,"column":4},"end":{"line":52,"column":4}}},"2":{"name":null,"line":58,"loc":{"start":{"line":58,"column":4},"end":{"line":58,"column":33}}},"3":{"name":"deposit","line":78,"loc":{"start":{"line":68,"column":4},"end":{"line":125,"column":4}}},"4":{"name":"setLiquifierAddress","line":128,"loc":{"start":{"line":128,"column":4},"end":{"line":134,"column":4}}},"5":{"name":"getProtocol","line":138,"loc":{"start":{"line":138,"column":4},"end":{"line":140,"column":4}}},"6":{"name":"claimEarnings","line":143,"loc":{"start":{"line":143,"column":4},"end":{"line":145,"column":4}}},"7":{"name":"getTokenPrice","line":148,"loc":{"start":{"line":148,"column":4},"end":{"line":150,"column":4}}},"8":{"name":"withdraw","line":153,"loc":{"start":{"line":153,"column":4},"end":{"line":163,"column":4}}}},"statementMap":{"1":{"start":{"line":36,"column":8},"end":{"line":36,"column":64}},"2":{"start":{"line":37,"column":8},"end":{"line":37,"column":55}},"3":{"start":{"line":38,"column":8},"end":{"line":38,"column":55}},"4":{"start":{"line":40,"column":8},"end":{"line":40,"column":29}},"5":{"start":{"line":41,"column":8},"end":{"line":41,"column":31}},"6":{"start":{"line":42,"column":8},"end":{"line":42,"column":24}},"7":{"start":{"line":44,"column":8},"end":{"line":44,"column":51}},"8":{"start":{"line":81,"column":8},"end":{"line":81,"column":44}},"9":{"start":{"line":82,"column":8},"end":{"line":82,"column":48}},"10":{"start":{"line":83,"column":8},"end":{"line":83,"column":42}},"11":{"start":{"line":84,"column":8},"end":{"line":84,"column":53}},"12":{"start":{"line":91,"column":8},"end":{"line":91,"column":76}},"13":{"start":{"line":92,"column":8},"end":{"line":92,"column":61}},"14":{"start":{"line":96,"column":8},"end":{"line":96,"column":74}},"15":{"start":{"line":101,"column":8},"end":{"line":101,"column":3456}},"16":{"start":{"line":103,"column":12},"end":{"line":103,"column":3582}},"17":{"start":{"line":104,"column":16},"end":{"line":104,"column":69}},"18":{"start":{"line":112,"column":8},"end":{"line":112,"column":75}},"19":{"start":{"line":114,"column":8},"end":{"line":114,"column":103}},"20":{"start":{"line":121,"column":8},"end":{"line":121,"column":65}},"21":{"start":{"line":124,"column":8},"end":{"line":124,"column":43}},"22":{"start":{"line":129,"column":8},"end":{"line":129,"column":64}},"23":{"start":{"line":131,"column":8},"end":{"line":131,"column":67}},"24":{"start":{"line":139,"column":8},"end":{"line":139,"column":31}},"25":{"start":{"line":144,"column":8},"end":{"line":144,"column":46}},"26":{"start":{"line":149,"column":8},"end":{"line":149,"column":46}},"27":{"start":{"line":162,"column":8},"end":{"line":162,"column":25}}},"branchMap":{"1":{"line":35,"type":"if","locations":[{"start":{"line":35,"column":13},"end":{"line":35,"column":13}},{"start":{"line":35,"column":13},"end":{"line":35,"column":13}}]},"2":{"line":76,"type":"if","locations":[{"start":{"line":76,"column":8},"end":{"line":76,"column":8}},{"start":{"line":76,"column":8},"end":{"line":76,"column":8}}]},"3":{"line":77,"type":"if","locations":[{"start":{"line":77,"column":8},"end":{"line":77,"column":8}},{"start":{"line":77,"column":8},"end":{"line":77,"column":8}}]},"4":{"line":78,"type":"if","locations":[{"start":{"line":78,"column":8},"end":{"line":78,"column":8}},{"start":{"line":78,"column":8},"end":{"line":78,"column":8}}]},"5":{"line":103,"type":"if","locations":[{"start":{"line":103,"column":12},"end":{"line":103,"column":12}},{"start":{"line":103,"column":12},"end":{"line":103,"column":12}}]},"6":{"line":114,"type":"if","locations":[{"start":{"line":114,"column":8},"end":{"line":114,"column":8}},{"start":{"line":114,"column":8},"end":{"line":114,"column":8}}]},"7":{"line":128,"type":"if","locations":[{"start":{"line":128,"column":69},"end":{"line":128,"column":69}},{"start":{"line":128,"column":69},"end":{"line":128,"column":69}}]}}},"contracts/adapters/rocket/interfaces/IRETH.sol":{"l":{},"path":"/Users/demis/lys-protocol/contracts/adapters/rocket/interfaces/IRETH.sol","s":{},"b":{},"f":{},"fnMap":{},"statementMap":{},"branchMap":{}},"contracts/adapters/rocket/interfaces/IRocketDAOProtocolSettingsDeposit.sol":{"l":{},"path":"/Users/demis/lys-protocol/contracts/adapters/rocket/interfaces/IRocketDAOProtocolSettingsDeposit.sol","s":{},"b":{},"f":{},"fnMap":{},"statementMap":{},"branchMap":{}},"contracts/adapters/rocket/interfaces/IRocketDepositPool.sol":{"l":{},"path":"/Users/demis/lys-protocol/contracts/adapters/rocket/interfaces/IRocketDepositPool.sol","s":{},"b":{},"f":{},"fnMap":{},"statementMap":{},"branchMap":{}},"contracts/adapters/rocket/RocketAdapter.sol":{"l":{"51":0,"52":0,"53":0,"54":0,"56":0,"57":0,"58":0,"60":0,"62":0,"63":0,"64":0,"65":0,"68":0,"71":0,"97":0,"98":0,"99":0,"100":0,"103":0,"106":0,"109":0,"112":0,"113":0,"116":0,"122":0,"123":0,"126":0,"129":0,"132":0,"135":0,"136":0,"138":0,"139":0,"142":0,"145":0,"148":0,"155":0,"157":0,"159":0,"166":0,"168":0,"170":0,"176":0,"181":0,"186":0,"207":0,"208":0,"209":0,"210":0,"211":0,"212":0,"214":0,"215":0,"217":0,"218":0,"222":0,"224":0,"227":0,"229":0,"232":0,"241":0},"path":"/Users/demis/lys-protocol/contracts/adapters/rocket/RocketAdapter.sol","s":{"1":0,"2":0,"3":0,"4":0,"5":0,"6":0,"7":0,"8":0,"9":0,"10":0,"11":0,"12":0,"13":0,"14":0,"15":0,"16":0,"17":0,"18":0,"19":0,"20":0,"21":0,"22":0,"23":0,"24":0,"25":0,"26":0,"27":0,"28":0,"29":0,"30":0,"31":0,"32":0,"33":0,"34":0,"35":0,"36":0,"37":0,"38":0,"39":0,"40":0,"41":0,"42":0,"43":0,"44":0,"45":0,"46":0,"47":0,"48":0,"49":0,"50":0},"b":{"1":[0,0],"2":[0,0],"3":[0,0],"4":[0,0],"5":[0,0],"6":[0,0],"7":[0,0],"8":[0,0],"9":[0,0],"10":[0,0],"11":[0,0],"12":[0,0]},"f":{"1":0,"2":0,"3":0,"4":0,"5":0,"6":0,"7":0,"8":0},"fnMap":{"1":{"name":"initialize","line":50,"loc":{"start":{"line":45,"column":4},"end":{"line":72,"column":4}}},"2":{"name":"deposit","line":94,"loc":{"start":{"line":84,"column":4},"end":{"line":149,"column":4}}},"3":{"name":"setprotocolAddress","line":154,"loc":{"start":{"line":154,"column":4},"end":{"line":160,"column":4}}},"4":{"name":"setRETHAddress","line":165,"loc":{"start":{"line":165,"column":4},"end":{"line":171,"column":4}}},"5":{"name":"getProtocol","line":175,"loc":{"start":{"line":175,"column":4},"end":{"line":177,"column":4}}},"6":{"name":"claimEarnings","line":180,"loc":{"start":{"line":180,"column":4},"end":{"line":182,"column":4}}},"7":{"name":"getTokenPrice","line":185,"loc":{"start":{"line":185,"column":4},"end":{"line":187,"column":4}}},"8":{"name":"withdraw","line":198,"loc":{"start":{"line":198,"column":4},"end":{"line":242,"column":4}}}},"statementMap":{"1":{"start":{"line":51,"column":8},"end":{"line":51,"column":62}},"2":{"start":{"line":52,"column":8},"end":{"line":52,"column":74}},"3":{"start":{"line":53,"column":8},"end":{"line":53,"column":54}},"4":{"start":{"line":54,"column":8},"end":{"line":54,"column":54}},"5":{"start":{"line":56,"column":8},"end":{"line":56,"column":29}},"6":{"start":{"line":57,"column":8},"end":{"line":57,"column":31}},"7":{"start":{"line":58,"column":8},"end":{"line":58,"column":24}},"8":{"start":{"line":60,"column":8},"end":{"line":60,"column":51}},"9":{"start":{"line":97,"column":8},"end":{"line":97,"column":44}},"10":{"start":{"line":98,"column":8},"end":{"line":98,"column":48}},"11":{"start":{"line":99,"column":8},"end":{"line":99,"column":42}},"12":{"start":{"line":100,"column":8},"end":{"line":100,"column":53}},"13":{"start":{"line":103,"column":8},"end":{"line":103,"column":59}},"14":{"start":{"line":106,"column":8},"end":{"line":106,"column":81}},"15":{"start":{"line":109,"column":8},"end":{"line":109,"column":48}},"16":{"start":{"line":112,"column":8},"end":{"line":112,"column":4240}},"17":{"start":{"line":116,"column":8},"end":{"line":116,"column":4450}},"18":{"start":{"line":122,"column":8},"end":{"line":122,"column":96}},"19":{"start":{"line":123,"column":8},"end":{"line":123,"column":4802}},"20":{"start":{"line":126,"column":8},"end":{"line":126,"column":72}},"21":{"start":{"line":129,"column":8},"end":{"line":129,"column":73}},"22":{"start":{"line":132,"column":8},"end":{"line":132,"column":73}},"23":{"start":{"line":135,"column":8},"end":{"line":135,"column":73}},"24":{"start":{"line":136,"column":8},"end":{"line":136,"column":99}},"25":{"start":{"line":142,"column":8},"end":{"line":142,"column":65}},"26":{"start":{"line":145,"column":8},"end":{"line":145,"column":91}},"27":{"start":{"line":148,"column":8},"end":{"line":148,"column":43}},"28":{"start":{"line":155,"column":8},"end":{"line":155,"column":62}},"29":{"start":{"line":157,"column":8},"end":{"line":157,"column":64}},"30":{"start":{"line":166,"column":8},"end":{"line":166,"column":54}},"31":{"start":{"line":168,"column":8},"end":{"line":168,"column":56}},"32":{"start":{"line":176,"column":8},"end":{"line":176,"column":30}},"33":{"start":{"line":181,"column":8},"end":{"line":181,"column":25}},"34":{"start":{"line":186,"column":8},"end":{"line":186,"column":51}},"35":{"start":{"line":207,"column":8},"end":{"line":207,"column":44}},"36":{"start":{"line":208,"column":8},"end":{"line":208,"column":48}},"37":{"start":{"line":209,"column":8},"end":{"line":209,"column":42}},"38":{"start":{"line":210,"column":8},"end":{"line":210,"column":68}},"39":{"start":{"line":211,"column":8},"end":{"line":211,"column":55}},"40":{"start":{"line":212,"column":8},"end":{"line":212,"column":61}},"41":{"start":{"line":214,"column":8},"end":{"line":214,"column":75}},"42":{"start":{"line":215,"column":8},"end":{"line":215,"column":73}},"43":{"start":{"line":217,"column":8},"end":{"line":217,"column":8826}},"44":{"start":{"line":218,"column":12},"end":{"line":218,"column":19}},"45":{"start":{"line":222,"column":8},"end":{"line":222,"column":93}},"46":{"start":{"line":224,"column":8},"end":{"line":224,"column":48}},"47":{"start":{"line":227,"column":8},"end":{"line":227,"column":47}},"48":{"start":{"line":229,"column":8},"end":{"line":229,"column":51}},"49":{"start":{"line":232,"column":8},"end":{"line":232,"column":9307}},"50":{"start":{"line":241,"column":8},"end":{"line":241,"column":38}}},"branchMap":{"1":{"line":50,"type":"if","locations":[{"start":{"line":50,"column":13},"end":{"line":50,"column":13}},{"start":{"line":50,"column":13},"end":{"line":50,"column":13}}]},"2":{"line":92,"type":"if","locations":[{"start":{"line":92,"column":8},"end":{"line":92,"column":8}},{"start":{"line":92,"column":8},"end":{"line":92,"column":8}}]},"3":{"line":93,"type":"if","locations":[{"start":{"line":93,"column":8},"end":{"line":93,"column":8}},{"start":{"line":93,"column":8},"end":{"line":93,"column":8}}]},"4":{"line":94,"type":"if","locations":[{"start":{"line":94,"column":8},"end":{"line":94,"column":8}},{"start":{"line":94,"column":8},"end":{"line":94,"column":8}}]},"5":{"line":103,"type":"if","locations":[{"start":{"line":103,"column":8},"end":{"line":103,"column":8}},{"start":{"line":103,"column":8},"end":{"line":103,"column":8}}]},"6":{"line":112,"type":"if","locations":[{"start":{"line":112,"column":8},"end":{"line":112,"column":8}},{"start":{"line":112,"column":8},"end":{"line":112,"column":8}}]},"7":{"line":116,"type":"if","locations":[{"start":{"line":116,"column":8},"end":{"line":116,"column":8}},{"start":{"line":116,"column":8},"end":{"line":116,"column":8}}]},"8":{"line":126,"type":"if","locations":[{"start":{"line":126,"column":8},"end":{"line":126,"column":8}},{"start":{"line":126,"column":8},"end":{"line":126,"column":8}}]},"9":{"line":136,"type":"if","locations":[{"start":{"line":136,"column":8},"end":{"line":136,"column":8}},{"start":{"line":136,"column":8},"end":{"line":136,"column":8}}]},"10":{"line":154,"type":"if","locations":[{"start":{"line":154,"column":67},"end":{"line":154,"column":67}},{"start":{"line":154,"column":67},"end":{"line":154,"column":67}}]},"11":{"line":165,"type":"if","locations":[{"start":{"line":165,"column":59},"end":{"line":165,"column":59}},{"start":{"line":165,"column":59},"end":{"line":165,"column":59}}]},"12":{"line":217,"type":"if","locations":[{"start":{"line":217,"column":8},"end":{"line":217,"column":8}},{"start":{"line":217,"column":8},"end":{"line":217,"column":8}}]}}},"contracts/adapters/stader/interfaces/IStaderStakePoolsManager.sol":{"l":{},"path":"/Users/demis/lys-protocol/contracts/adapters/stader/interfaces/IStaderStakePoolsManager.sol","s":{},"b":{},"f":{},"fnMap":{},"statementMap":{},"branchMap":{}},"contracts/adapters/stader/StaderAdapter.sol":{"l":{"45":0,"46":0,"47":0,"49":0,"50":0,"51":0,"53":0,"55":0,"56":0,"57":0,"60":0,"63":0,"89":0,"90":0,"91":0,"92":0,"95":0,"98":0,"101":0,"104":0,"107":0,"108":0,"109":0,"110":0,"113":0,"116":0,"120":0,"122":0,"123":0,"126":0,"129":0,"132":0,"139":0,"141":0,"143":0,"150":0,"152":0,"154":0,"160":0,"165":0,"170":0,"183":0},"path":"/Users/demis/lys-protocol/contracts/adapters/stader/StaderAdapter.sol","s":{"1":0,"2":0,"3":0,"4":0,"5":0,"6":0,"7":0,"8":0,"9":0,"10":0,"11":0,"12":0,"13":0,"14":0,"15":0,"16":0,"17":0,"18":0,"19":0,"20":0,"21":0,"22":0,"23":0,"24":0,"25":0,"26":0,"27":0,"28":0,"29":0,"30":0,"31":0},"b":{"1":[0,0],"2":[0,0],"3":[0,0],"4":[0,0],"5":[0,0],"6":[0,0],"7":[0,0],"8":[0,0],"9":[0,0],"10":[0,0],"11":[0,0]},"f":{"1":0,"2":0,"3":0,"4":0,"5":0,"6":0,"7":0,"8":0},"fnMap":{"1":{"name":"initialize","line":44,"loc":{"start":{"line":40,"column":4},"end":{"line":64,"column":4}}},"2":{"name":"deposit","line":86,"loc":{"start":{"line":76,"column":4},"end":{"line":133,"column":4}}},"3":{"name":"setprotocolAddress","line":138,"loc":{"start":{"line":138,"column":4},"end":{"line":144,"column":4}}},"4":{"name":"setETHxAddress","line":149,"loc":{"start":{"line":149,"column":4},"end":{"line":155,"column":4}}},"5":{"name":"getProtocol","line":159,"loc":{"start":{"line":159,"column":4},"end":{"line":161,"column":4}}},"6":{"name":"claimEarnings","line":164,"loc":{"start":{"line":164,"column":4},"end":{"line":166,"column":4}}},"7":{"name":"getTokenPrice","line":169,"loc":{"start":{"line":169,"column":4},"end":{"line":171,"column":4}}},"8":{"name":"withdraw","line":174,"loc":{"start":{"line":174,"column":4},"end":{"line":184,"column":4}}}},"statementMap":{"1":{"start":{"line":45,"column":8},"end":{"line":45,"column":62}},"2":{"start":{"line":46,"column":8},"end":{"line":46,"column":54}},"3":{"start":{"line":47,"column":8},"end":{"line":47,"column":54}},"4":{"start":{"line":49,"column":8},"end":{"line":49,"column":29}},"5":{"start":{"line":50,"column":8},"end":{"line":50,"column":31}},"6":{"start":{"line":51,"column":8},"end":{"line":51,"column":24}},"7":{"start":{"line":53,"column":8},"end":{"line":53,"column":51}},"8":{"start":{"line":89,"column":8},"end":{"line":89,"column":44}},"9":{"start":{"line":90,"column":8},"end":{"line":90,"column":48}},"10":{"start":{"line":91,"column":8},"end":{"line":91,"column":42}},"11":{"start":{"line":92,"column":8},"end":{"line":92,"column":53}},"12":{"start":{"line":95,"column":8},"end":{"line":95,"column":59}},"13":{"start":{"line":98,"column":8},"end":{"line":98,"column":81}},"14":{"start":{"line":101,"column":8},"end":{"line":101,"column":48}},"15":{"start":{"line":104,"column":8},"end":{"line":104,"column":86}},"16":{"start":{"line":107,"column":8},"end":{"line":107,"column":4014}},"17":{"start":{"line":109,"column":8},"end":{"line":109,"column":4130}},"18":{"start":{"line":113,"column":8},"end":{"line":113,"column":73}},"19":{"start":{"line":116,"column":8},"end":{"line":116,"column":4409}},"20":{"start":{"line":120,"column":8},"end":{"line":120,"column":99}},"21":{"start":{"line":126,"column":8},"end":{"line":126,"column":65}},"22":{"start":{"line":129,"column":8},"end":{"line":129,"column":91}},"23":{"start":{"line":132,"column":8},"end":{"line":132,"column":43}},"24":{"start":{"line":139,"column":8},"end":{"line":139,"column":62}},"25":{"start":{"line":141,"column":8},"end":{"line":141,"column":64}},"26":{"start":{"line":150,"column":8},"end":{"line":150,"column":54}},"27":{"start":{"line":152,"column":8},"end":{"line":152,"column":57}},"28":{"start":{"line":160,"column":8},"end":{"line":160,"column":30}},"29":{"start":{"line":165,"column":8},"end":{"line":165,"column":25}},"30":{"start":{"line":170,"column":8},"end":{"line":170,"column":25}},"31":{"start":{"line":183,"column":8},"end":{"line":183,"column":25}}},"branchMap":{"1":{"line":44,"type":"if","locations":[{"start":{"line":44,"column":13},"end":{"line":44,"column":13}},{"start":{"line":44,"column":13},"end":{"line":44,"column":13}}]},"2":{"line":84,"type":"if","locations":[{"start":{"line":84,"column":8},"end":{"line":84,"column":8}},{"start":{"line":84,"column":8},"end":{"line":84,"column":8}}]},"3":{"line":85,"type":"if","locations":[{"start":{"line":85,"column":8},"end":{"line":85,"column":8}},{"start":{"line":85,"column":8},"end":{"line":85,"column":8}}]},"4":{"line":86,"type":"if","locations":[{"start":{"line":86,"column":8},"end":{"line":86,"column":8}},{"start":{"line":86,"column":8},"end":{"line":86,"column":8}}]},"5":{"line":95,"type":"if","locations":[{"start":{"line":95,"column":8},"end":{"line":95,"column":8}},{"start":{"line":95,"column":8},"end":{"line":95,"column":8}}]},"6":{"line":104,"type":"if","locations":[{"start":{"line":104,"column":8},"end":{"line":104,"column":8}},{"start":{"line":104,"column":8},"end":{"line":104,"column":8}}]},"7":{"line":107,"type":"if","locations":[{"start":{"line":107,"column":8},"end":{"line":107,"column":8}},{"start":{"line":107,"column":8},"end":{"line":107,"column":8}}]},"8":{"line":109,"type":"if","locations":[{"start":{"line":109,"column":8},"end":{"line":109,"column":8}},{"start":{"line":109,"column":8},"end":{"line":109,"column":8}}]},"9":{"line":120,"type":"if","locations":[{"start":{"line":120,"column":8},"end":{"line":120,"column":8}},{"start":{"line":120,"column":8},"end":{"line":120,"column":8}}]},"10":{"line":138,"type":"if","locations":[{"start":{"line":138,"column":67},"end":{"line":138,"column":67}},{"start":{"line":138,"column":67},"end":{"line":138,"column":67}}]},"11":{"line":149,"type":"if","locations":[{"start":{"line":149,"column":59},"end":{"line":149,"column":59}},{"start":{"line":149,"column":59},"end":{"line":149,"column":59}}]}}},"contracts/adapters/uniswap/interfaces/IUniswapV3Protocol.sol":{"l":{},"path":"/Users/demis/lys-protocol/contracts/adapters/uniswap/interfaces/IUniswapV3Protocol.sol","s":{},"b":{},"f":{},"fnMap":{},"statementMap":{},"branchMap":{}},"contracts/adapters/uniswap/UniswapV3Adapter.sol":{"l":{"46":0,"47":0,"48":0,"50":0,"51":0,"52":0,"54":0,"56":0,"57":0,"58":0,"61":0,"65":0,"75":0,"76":0,"78":0,"80":0,"88":0,"90":0,"92":0,"98":0,"100":0,"102":0,"124":0,"125":0,"126":0,"127":0,"128":0,"129":0,"132":0,"135":0,"139":0,"147":0,"150":0,"160":0,"162":0,"163":0,"166":0,"178":0,"189":0,"191":0,"193":0,"199":0,"207":0,"208":0,"211":0,"212":0,"214":0,"217":0,"219":0,"230":0,"235":0},"path":"/Users/demis/lys-protocol/contracts/adapters/uniswap/UniswapV3Adapter.sol","s":{"1":0,"2":0,"3":0,"4":0,"5":0,"6":0,"7":0,"8":0,"9":0,"10":0,"11":0,"12":0,"13":0,"14":0,"15":0,"16":0,"17":0,"18":0,"19":0,"20":0,"21":0,"22":0,"23":0,"24":0,"25":0,"26":0,"27":0,"28":0,"29":0,"30":0,"31":0,"32":0,"33":0,"34":0,"35":0,"36":0,"37":0,"38":0,"39":0,"40":0,"41":0},"b":{"1":[0,0],"2":[0,0],"3":[0,0],"4":[0,0],"5":[0,0],"6":[0,0],"7":[0,0],"8":[0,0],"9":[0,0],"10":[0,0],"11":[0,0],"12":[0,0]},"f":{"1":0,"2":0,"3":0,"4":0,"5":0,"6":0,"7":0,"8":0,"9":0,"10":0},"fnMap":{"1":{"name":"initialize","line":45,"loc":{"start":{"line":41,"column":4},"end":{"line":66,"column":4}}},"2":{"name":"setPoolPerTokenForPrice","line":74,"loc":{"start":{"line":71,"column":4},"end":{"line":81,"column":4}}},"3":{"name":"setUniswapRouterAddress","line":87,"loc":{"start":{"line":85,"column":4},"end":{"line":93,"column":4}}},"4":{"name":"setUniswapQuoterAddress","line":97,"loc":{"start":{"line":97,"column":4},"end":{"line":103,"column":4}}},"5":{"name":"withdraw","line":123,"loc":{"start":{"line":115,"column":4},"end":{"line":167,"column":4}}},"6":{"name":"getAmountInForexactOutput","line":174,"loc":{"start":{"line":174,"column":4},"end":{"line":194,"column":4}}},"7":{"name":"getProtocol","line":198,"loc":{"start":{"line":198,"column":4},"end":{"line":200,"column":4}}},"8":{"name":"getTokenPrice","line":204,"loc":{"start":{"line":204,"column":4},"end":{"line":220,"column":4}}},"9":{"name":"deposit","line":223,"loc":{"start":{"line":223,"column":4},"end":{"line":231,"column":4}}},"10":{"name":"claimEarnings","line":234,"loc":{"start":{"line":234,"column":4},"end":{"line":236,"column":4}}}},"statementMap":{"1":{"start":{"line":46,"column":8},"end":{"line":46,"column":62}},"2":{"start":{"line":47,"column":8},"end":{"line":47,"column":58}},"3":{"start":{"line":48,"column":8},"end":{"line":48,"column":54}},"4":{"start":{"line":50,"column":8},"end":{"line":50,"column":29}},"5":{"start":{"line":51,"column":8},"end":{"line":51,"column":31}},"6":{"start":{"line":52,"column":8},"end":{"line":52,"column":24}},"7":{"start":{"line":54,"column":8},"end":{"line":54,"column":51}},"8":{"start":{"line":75,"column":8},"end":{"line":75,"column":42}},"9":{"start":{"line":76,"column":8},"end":{"line":76,"column":40}},"10":{"start":{"line":78,"column":8},"end":{"line":78,"column":48}},"11":{"start":{"line":88,"column":8},"end":{"line":88,"column":72}},"12":{"start":{"line":90,"column":8},"end":{"line":90,"column":74}},"13":{"start":{"line":98,"column":8},"end":{"line":98,"column":58}},"14":{"start":{"line":100,"column":8},"end":{"line":100,"column":60}},"15":{"start":{"line":124,"column":8},"end":{"line":124,"column":44}},"16":{"start":{"line":125,"column":8},"end":{"line":125,"column":48}},"17":{"start":{"line":126,"column":8},"end":{"line":126,"column":42}},"18":{"start":{"line":127,"column":8},"end":{"line":127,"column":68}},"19":{"start":{"line":128,"column":8},"end":{"line":128,"column":55}},"20":{"start":{"line":129,"column":8},"end":{"line":129,"column":61}},"21":{"start":{"line":132,"column":8},"end":{"line":132,"column":93}},"22":{"start":{"line":135,"column":8},"end":{"line":135,"column":86}},"23":{"start":{"line":139,"column":8},"end":{"line":139,"column":5477}},"24":{"start":{"line":147,"column":8},"end":{"line":147,"column":85}},"25":{"start":{"line":150,"column":8},"end":{"line":150,"column":5884}},"26":{"start":{"line":160,"column":8},"end":{"line":160,"column":95}},"27":{"start":{"line":162,"column":8},"end":{"line":162,"column":6233}},"28":{"start":{"line":163,"column":12},"end":{"line":163,"column":71}},"29":{"start":{"line":166,"column":8},"end":{"line":166,"column":38}},"30":{"start":{"line":191,"column":8},"end":{"line":191,"column":58}},"31":{"start":{"line":193,"column":8},"end":{"line":193,"column":42}},"32":{"start":{"line":199,"column":8},"end":{"line":199,"column":30}},"33":{"start":{"line":207,"column":8},"end":{"line":207,"column":52}},"34":{"start":{"line":208,"column":8},"end":{"line":208,"column":63}},"35":{"start":{"line":211,"column":8},"end":{"line":211,"column":21}},"36":{"start":{"line":212,"column":8},"end":{"line":212,"column":72}},"37":{"start":{"line":214,"column":8},"end":{"line":214,"column":77}},"38":{"start":{"line":217,"column":8},"end":{"line":217,"column":95}},"39":{"start":{"line":219,"column":8},"end":{"line":219,"column":65}},"40":{"start":{"line":230,"column":8},"end":{"line":230,"column":25}},"41":{"start":{"line":235,"column":8},"end":{"line":235,"column":25}}},"branchMap":{"1":{"line":45,"type":"if","locations":[{"start":{"line":45,"column":15},"end":{"line":45,"column":15}},{"start":{"line":45,"column":15},"end":{"line":45,"column":15}}]},"2":{"line":74,"type":"if","locations":[{"start":{"line":74,"column":15},"end":{"line":74,"column":15}},{"start":{"line":74,"column":15},"end":{"line":74,"column":15}}]},"3":{"line":87,"type":"if","locations":[{"start":{"line":87,"column":15},"end":{"line":87,"column":15}},{"start":{"line":87,"column":15},"end":{"line":87,"column":15}}]},"4":{"line":97,"type":"if","locations":[{"start":{"line":97,"column":70},"end":{"line":97,"column":70}},{"start":{"line":97,"column":70},"end":{"line":97,"column":70}}]},"5":{"line":123,"type":"if","locations":[{"start":{"line":123,"column":15},"end":{"line":123,"column":15}},{"start":{"line":123,"column":15},"end":{"line":123,"column":15}}]},"6":{"line":123,"type":"if","locations":[{"start":{"line":123,"column":29},"end":{"line":123,"column":29}},{"start":{"line":123,"column":29},"end":{"line":123,"column":29}}]},"7":{"line":123,"type":"if","locations":[{"start":{"line":123,"column":42},"end":{"line":123,"column":42}},{"start":{"line":123,"column":42},"end":{"line":123,"column":42}}]},"8":{"line":160,"type":"if","locations":[{"start":{"line":160,"column":61},"end":{"line":160,"column":90}},{"start":{"line":160,"column":94},"end":{"line":160,"column":94}}]},"9":{"line":162,"type":"if","locations":[{"start":{"line":162,"column":8},"end":{"line":162,"column":8}},{"start":{"line":162,"column":8},"end":{"line":162,"column":8}}]},"10":{"line":208,"type":"if","locations":[{"start":{"line":208,"column":8},"end":{"line":208,"column":8}},{"start":{"line":208,"column":8},"end":{"line":208,"column":8}}]},"11":{"line":212,"type":"if","locations":[{"start":{"line":212,"column":8},"end":{"line":212,"column":8}},{"start":{"line":212,"column":8},"end":{"line":212,"column":8}}]},"12":{"line":219,"type":"if","locations":[{"start":{"line":219,"column":26},"end":{"line":219,"column":51}},{"start":{"line":219,"column":55},"end":{"line":219,"column":64}}]}}},"contracts/AggregatorToken.sol":{"l":{"31":0,"32":0,"33":0,"34":0,"35":0,"38":0,"39":0,"42":0,"43":0,"44":0,"45":0,"46":0,"49":0,"50":0,"53":0,"54":0,"65":0,"73":0,"90":0,"97":0,"101":0,"108":0,"116":0,"117":0,"119":0,"127":0,"136":0,"145":0,"159":0,"160":0,"162":0,"163":0,"165":0,"166":0,"167":0,"168":0,"171":0,"181":0,"182":0,"184":0,"185":0,"187":0,"188":0,"189":0,"190":0,"191":0,"194":0,"208":0,"209":0,"211":0,"212":0,"214":0,"215":0,"216":0,"217":0,"220":0,"230":0,"231":0,"233":0,"234":0,"236":0,"237":0,"238":0,"239":0,"242":0,"253":0,"254":0,"255":0,"262":0,"263":0,"264":0,"271":0,"272":0,"273":0,"274":0,"291":0,"292":0,"293":0,"295":0,"297":0,"299":0,"301":0,"303":0,"304":0,"307":0,"309":0,"310":0,"325":0,"327":0,"329":0,"331":0,"332":0,"334":0,"335":0,"337":0,"339":0,"341":0,"350":0,"351":0,"360":0,"361":0,"362":0,"363":0,"365":0,"378":0,"382":0,"393":0,"394":0,"396":0,"397":0,"399":0,"400":0,"401":0,"412":0,"413":0,"414":0,"415":0,"417":0,"418":0,"430":0,"431":0,"433":0,"434":0,"437":0,"438":0,"440":0,"442":0,"443":0,"445":0,"462":0,"463":0,"466":0,"468":0,"470":0,"471":0,"472":0,"474":0,"475":0,"478":0,"480":0,"481":0,"484":0,"486":0,"487":0,"488":0,"491":0,"492":0,"496":0,"497":0,"500":0,"501":0,"520":0,"521":0,"522":0,"534":0,"535":0,"536":0,"537":0,"538":0,"541":0,"542":0,"543":0,"545":0,"555":0,"556":0,"557":0,"559":0,"569":0,"570":0,"572":0,"573":0,"574":0,"575":0,"578":0,"579":0,"583":0,"584":0,"585":0,"598":0,"599":0,"600":0,"601":0,"604":0,"605":0,"606":0,"617":0,"618":0,"619":0,"620":0,"621":0,"622":0,"623":0,"624":0,"626":0,"627":0,"630":0,"631":0,"635":0,"636":0,"638":0,"639":0,"655":0,"656":0,"657":0,"659":0,"660":0,"662":0,"664":0,"665":0,"667":0,"668":0,"671":0,"672":0,"674":0,"675":0,"678":0,"679":0,"696":0,"697":0,"698":0,"700":0,"701":0,"703":0,"704":0,"707":0,"709":0,"710":0,"712":0,"713":0,"715":0,"717":0,"718":0,"730":0,"739":0,"740":0,"741":0,"751":0,"752":0},"path":"/Users/demis/lys-protocol/contracts/AggregatorToken.sol","s":{"1":0,"2":0,"3":0,"4":0,"5":0,"6":0,"7":0,"8":0,"9":0,"10":0,"11":0,"12":0,"13":0,"14":0,"15":0,"16":0,"17":0,"18":0,"19":0,"20":0,"21":0,"22":0,"23":0,"24":0,"25":0,"26":0,"27":0,"28":0,"29":0,"30":0,"31":0,"32":0,"33":0,"34":0,"35":0,"36":0,"37":0,"38":0,"39":0,"40":0,"41":0,"42":0,"43":0,"44":0,"45":0,"46":0,"47":0,"48":0,"49":0,"50":0,"51":0,"52":0,"53":0,"54":0,"55":0,"56":0,"57":0,"58":0,"59":0,"60":0,"61":0,"62":0,"63":0,"64":0,"65":0,"66":0,"67":0,"68":0,"69":0,"70":0,"71":0,"72":0,"73":0,"74":0,"75":0,"76":0,"77":0,"78":0,"79":0,"80":0,"81":0,"82":0,"83":0,"84":0,"85":0,"86":0,"87":0,"88":0,"89":0,"90":0,"91":0,"92":0,"93":0,"94":0,"95":0,"96":0,"97":0,"98":0,"99":0,"100":0,"101":0,"102":0,"103":0,"104":0,"105":0,"106":0,"107":0,"108":0,"109":0,"110":0,"111":0,"112":0,"113":0,"114":0,"115":0,"116":0,"117":0,"118":0,"119":0,"120":0,"121":0,"122":0,"123":0,"124":0,"125":0,"126":0,"127":0,"128":0,"129":0,"130":0,"131":0,"132":0,"133":0,"134":0,"135":0,"136":0,"137":0,"138":0,"139":0,"140":0,"141":0,"142":0,"143":0,"144":0,"145":0,"146":0,"147":0,"148":0,"149":0,"150":0,"151":0,"152":0,"153":0,"154":0,"155":0,"156":0},"b":{"1":[0,0],"2":[0,0],"3":[0,0],"4":[0,0],"5":[0,0],"6":[0,0],"7":[0,0],"8":[0,0],"9":[0,0],"10":[0,0],"11":[0,0],"12":[0,0],"13":[0,0],"14":[0,0],"15":[0,0],"16":[0,0],"17":[0,0],"18":[0,0],"19":[0,0],"20":[0,0],"21":[0,0],"22":[0,0],"23":[0,0],"24":[0,0],"25":[0,0],"26":[0,0],"27":[0,0],"28":[0,0],"29":[0,0],"30":[0,0],"31":[0,0]},"f":{"1":0,"2":0,"3":0,"4":0,"5":0,"6":0,"7":0,"8":0,"9":0,"10":0,"11":0,"12":0,"13":0,"14":0,"15":0,"16":0,"17":0,"18":0,"19":0,"20":0,"21":0,"22":0,"23":0,"24":0,"25":0,"26":0,"27":0,"28":0,"29":0,"30":0,"31":0,"32":0,"33":0,"34":0,"35":0,"36":0,"37":0,"38":0,"39":0},"fnMap":{"1":{"name":"initialize","line":30,"loc":{"start":{"line":24,"column":4},"end":{"line":55,"column":4}}},"2":{"name":"name","line":64,"loc":{"start":{"line":64,"column":4},"end":{"line":66,"column":4}}},"3":{"name":"symbol","line":72,"loc":{"start":{"line":72,"column":4},"end":{"line":74,"column":4}}},"4":{"name":"decimals","line":89,"loc":{"start":{"line":89,"column":4},"end":{"line":91,"column":4}}},"5":{"name":"totalSupply","line":96,"loc":{"start":{"line":96,"column":4},"end":{"line":98,"column":4}}},"6":{"name":"balanceOf","line":100,"loc":{"start":{"line":100,"column":4},"end":{"line":102,"column":4}}},"7":{"name":"allowance","line":107,"loc":{"start":{"line":107,"column":4},"end":{"line":109,"column":4}}},"8":{"name":"exchangeRate","line":115,"loc":{"start":{"line":115,"column":4},"end":{"line":120,"column":4}}},"9":{"name":"getUnderlyingAsset","line":126,"loc":{"start":{"line":126,"column":4},"end":{"line":128,"column":4}}},"10":{"name":"vaultsOf","line":135,"loc":{"start":{"line":135,"column":4},"end":{"line":137,"column":4}}},"11":{"name":"numberOfVaults","line":144,"loc":{"start":{"line":144,"column":4},"end":{"line":146,"column":4}}},"12":{"name":"currentSharesPerVault","line":158,"loc":{"start":{"line":158,"column":4},"end":{"line":172,"column":4}}},"13":{"name":"currentAssetsPerVault","line":180,"loc":{"start":{"line":180,"column":4},"end":{"line":195,"column":4}}},"14":{"name":"lastSharesPerVault","line":207,"loc":{"start":{"line":207,"column":4},"end":{"line":221,"column":4}}},"15":{"name":"lastAssetsPerVault","line":229,"loc":{"start":{"line":229,"column":4},"end":{"line":243,"column":4}}},"16":{"name":"approve","line":252,"loc":{"start":{"line":252,"column":4},"end":{"line":256,"column":4}}},"17":{"name":"transfer","line":261,"loc":{"start":{"line":261,"column":4},"end":{"line":265,"column":4}}},"18":{"name":"transferFrom","line":270,"loc":{"start":{"line":270,"column":4},"end":{"line":275,"column":4}}},"19":{"name":"deposit","line":290,"loc":{"start":{"line":285,"column":4},"end":{"line":311,"column":4}}},"20":{"name":"withdraw","line":324,"loc":{"start":{"line":320,"column":4},"end":{"line":342,"column":4}}},"21":{"name":"updatePortfolioValuation","line":349,"loc":{"start":{"line":349,"column":4},"end":{"line":352,"column":4}}},"22":{"name":"getPortfolioLastExchangeRate","line":359,"loc":{"start":{"line":359,"column":4},"end":{"line":366,"column":4}}},"23":{"name":"_isVaultActive","line":377,"loc":{"start":{"line":377,"column":4},"end":{"line":379,"column":4}}},"24":{"name":"_checkSlippage","line":381,"loc":{"start":{"line":381,"column":4},"end":{"line":383,"column":4}}},"25":{"name":"_approve","line":392,"loc":{"start":{"line":392,"column":4},"end":{"line":403,"column":4}}},"26":{"name":"_spendAllowance","line":411,"loc":{"start":{"line":411,"column":4},"end":{"line":421,"column":4}}},"27":{"name":"_transfer","line":429,"loc":{"start":{"line":429,"column":4},"end":{"line":446,"column":4}}},"28":{"name":"_handleTransfer","line":457,"loc":{"start":{"line":457,"column":4},"end":{"line":503,"column":4}}},"29":{"name":"_transferSharesAndAssets","line":513,"loc":{"start":{"line":513,"column":4},"end":{"line":523,"column":4}}},"30":{"name":"_updateVaultBalances","line":533,"loc":{"start":{"line":533,"column":4},"end":{"line":547,"column":4}}},"31":{"name":"_addVaultIfNotPresent","line":554,"loc":{"start":{"line":554,"column":4},"end":{"line":561,"column":4}}},"32":{"name":"_removeVaultIfEmpty","line":568,"loc":{"start":{"line":568,"column":4},"end":{"line":588,"column":4}}},"33":{"name":"_updateUserPortfolio","line":597,"loc":{"start":{"line":597,"column":4},"end":{"line":609,"column":4}}},"34":{"name":"_updatePortfolioValuation","line":616,"loc":{"start":{"line":616,"column":4},"end":{"line":640,"column":4}}},"35":{"name":"_distributeDeposits","line":650,"loc":{"start":{"line":650,"column":4},"end":{"line":682,"column":4}}},"36":{"name":"_distributeWithdrawals","line":691,"loc":{"start":{"line":691,"column":4},"end":{"line":721,"column":4}}},"37":{"name":"_calculateValuePerShare","line":729,"loc":{"start":{"line":729,"column":4},"end":{"line":731,"column":4}}},"38":{"name":"_incrementVaultShares","line":738,"loc":{"start":{"line":738,"column":4},"end":{"line":743,"column":4}}},"39":{"name":"_decrementVaultShares","line":750,"loc":{"start":{"line":750,"column":4},"end":{"line":753,"column":4}}}},"statementMap":{"1":{"start":{"line":31,"column":8},"end":{"line":31,"column":62}},"2":{"start":{"line":32,"column":8},"end":{"line":32,"column":60}},"3":{"start":{"line":33,"column":8},"end":{"line":33,"column":56}},"4":{"start":{"line":34,"column":8},"end":{"line":34,"column":40}},"5":{"start":{"line":35,"column":8},"end":{"line":35,"column":44}},"6":{"start":{"line":38,"column":8},"end":{"line":38,"column":24}},"7":{"start":{"line":39,"column":8},"end":{"line":39,"column":29}},"8":{"start":{"line":42,"column":8},"end":{"line":42,"column":50}},"9":{"start":{"line":43,"column":8},"end":{"line":43,"column":55}},"10":{"start":{"line":44,"column":8},"end":{"line":44,"column":57}},"11":{"start":{"line":45,"column":8},"end":{"line":45,"column":53}},"12":{"start":{"line":46,"column":8},"end":{"line":46,"column":52}},"13":{"start":{"line":65,"column":8},"end":{"line":65,"column":20}},"14":{"start":{"line":73,"column":8},"end":{"line":73,"column":22}},"15":{"start":{"line":90,"column":8},"end":{"line":90,"column":17}},"16":{"start":{"line":97,"column":8},"end":{"line":97,"column":27}},"17":{"start":{"line":101,"column":8},"end":{"line":101,"column":54}},"18":{"start":{"line":108,"column":8},"end":{"line":108,"column":42}},"19":{"start":{"line":116,"column":8},"end":{"line":116,"column":3846}},"20":{"start":{"line":117,"column":12},"end":{"line":117,"column":20}},"21":{"start":{"line":119,"column":8},"end":{"line":119,"column":45}},"22":{"start":{"line":127,"column":8},"end":{"line":127,"column":30}},"23":{"start":{"line":136,"column":8},"end":{"line":136,"column":50}},"24":{"start":{"line":145,"column":8},"end":{"line":145,"column":57}},"25":{"start":{"line":159,"column":8},"end":{"line":159,"column":66}},"26":{"start":{"line":160,"column":8},"end":{"line":160,"column":48}},"27":{"start":{"line":165,"column":8},"end":{"line":165,"column":5737}},"28":{"start":{"line":166,"column":12},"end":{"line":166,"column":47}},"29":{"start":{"line":171,"column":8},"end":{"line":171,"column":31}},"30":{"start":{"line":181,"column":8},"end":{"line":181,"column":66}},"31":{"start":{"line":182,"column":8},"end":{"line":182,"column":48}},"32":{"start":{"line":187,"column":8},"end":{"line":187,"column":6628}},"33":{"start":{"line":188,"column":12},"end":{"line":188,"column":47}},"34":{"start":{"line":190,"column":12},"end":{"line":190,"column":60}},"35":{"start":{"line":194,"column":8},"end":{"line":194,"column":31}},"36":{"start":{"line":208,"column":8},"end":{"line":208,"column":66}},"37":{"start":{"line":209,"column":8},"end":{"line":209,"column":48}},"38":{"start":{"line":214,"column":8},"end":{"line":214,"column":7735}},"39":{"start":{"line":215,"column":12},"end":{"line":215,"column":47}},"40":{"start":{"line":220,"column":8},"end":{"line":220,"column":31}},"41":{"start":{"line":230,"column":8},"end":{"line":230,"column":66}},"42":{"start":{"line":231,"column":8},"end":{"line":231,"column":48}},"43":{"start":{"line":236,"column":8},"end":{"line":236,"column":8640}},"44":{"start":{"line":237,"column":12},"end":{"line":237,"column":47}},"45":{"start":{"line":242,"column":8},"end":{"line":242,"column":31}},"46":{"start":{"line":253,"column":8},"end":{"line":253,"column":36}},"47":{"start":{"line":254,"column":8},"end":{"line":254,"column":44}},"48":{"start":{"line":255,"column":8},"end":{"line":255,"column":19}},"49":{"start":{"line":262,"column":8},"end":{"line":262,"column":36}},"50":{"start":{"line":263,"column":8},"end":{"line":263,"column":34}},"51":{"start":{"line":264,"column":8},"end":{"line":264,"column":19}},"52":{"start":{"line":271,"column":8},"end":{"line":271,"column":38}},"53":{"start":{"line":272,"column":8},"end":{"line":272,"column":44}},"54":{"start":{"line":273,"column":8},"end":{"line":273,"column":33}},"55":{"start":{"line":274,"column":8},"end":{"line":274,"column":19}},"56":{"start":{"line":291,"column":8},"end":{"line":291,"column":48}},"57":{"start":{"line":292,"column":8},"end":{"line":292,"column":51}},"58":{"start":{"line":293,"column":8},"end":{"line":293,"column":49}},"59":{"start":{"line":295,"column":8},"end":{"line":295,"column":43}},"60":{"start":{"line":297,"column":8},"end":{"line":297,"column":85}},"61":{"start":{"line":299,"column":8},"end":{"line":299,"column":107}},"62":{"start":{"line":301,"column":8},"end":{"line":301,"column":72}},"63":{"start":{"line":307,"column":8},"end":{"line":307,"column":76}},"64":{"start":{"line":309,"column":8},"end":{"line":309,"column":77}},"65":{"start":{"line":310,"column":8},"end":{"line":310,"column":27}},"66":{"start":{"line":325,"column":8},"end":{"line":325,"column":49}},"67":{"start":{"line":327,"column":8},"end":{"line":327,"column":46}},"68":{"start":{"line":329,"column":8},"end":{"line":329,"column":111}},"69":{"start":{"line":331,"column":8},"end":{"line":331,"column":11882}},"70":{"start":{"line":335,"column":8},"end":{"line":335,"column":78}},"71":{"start":{"line":337,"column":8},"end":{"line":337,"column":69}},"72":{"start":{"line":339,"column":8},"end":{"line":339,"column":68}},"73":{"start":{"line":341,"column":8},"end":{"line":341,"column":29}},"74":{"start":{"line":350,"column":8},"end":{"line":350,"column":54}},"75":{"start":{"line":351,"column":8},"end":{"line":351,"column":54}},"76":{"start":{"line":360,"column":8},"end":{"line":360,"column":54}},"77":{"start":{"line":361,"column":8},"end":{"line":361,"column":66}},"78":{"start":{"line":362,"column":8},"end":{"line":362,"column":13260}},"79":{"start":{"line":363,"column":12},"end":{"line":363,"column":20}},"80":{"start":{"line":365,"column":8},"end":{"line":365,"column":74}},"81":{"start":{"line":378,"column":8},"end":{"line":378,"column":68}},"82":{"start":{"line":382,"column":8},"end":{"line":382,"column":20}},"83":{"start":{"line":393,"column":8},"end":{"line":393,"column":14478}},"84":{"start":{"line":396,"column":8},"end":{"line":396,"column":14576}},"85":{"start":{"line":400,"column":8},"end":{"line":400,"column":14720}},"86":{"start":{"line":401,"column":12},"end":{"line":401,"column":48}},"87":{"start":{"line":412,"column":8},"end":{"line":412,"column":60}},"88":{"start":{"line":413,"column":8},"end":{"line":413,"column":15261}},"89":{"start":{"line":414,"column":12},"end":{"line":414,"column":15322}},"90":{"start":{"line":418,"column":16},"end":{"line":418,"column":72}},"91":{"start":{"line":430,"column":8},"end":{"line":430,"column":15880}},"92":{"start":{"line":433,"column":8},"end":{"line":433,"column":15975}},"93":{"start":{"line":437,"column":8},"end":{"line":437,"column":38}},"94":{"start":{"line":438,"column":8},"end":{"line":438,"column":36}},"95":{"start":{"line":440,"column":8},"end":{"line":440,"column":85}},"96":{"start":{"line":442,"column":8},"end":{"line":442,"column":66}},"97":{"start":{"line":443,"column":8},"end":{"line":443,"column":63}},"98":{"start":{"line":445,"column":8},"end":{"line":445,"column":38}},"99":{"start":{"line":462,"column":8},"end":{"line":462,"column":16958}},"100":{"start":{"line":466,"column":8},"end":{"line":466,"column":144}},"101":{"start":{"line":468,"column":8},"end":{"line":468,"column":64}},"102":{"start":{"line":470,"column":8},"end":{"line":470,"column":17295}},"103":{"start":{"line":471,"column":12},"end":{"line":471,"column":37}},"104":{"start":{"line":472,"column":12},"end":{"line":472,"column":37}},"105":{"start":{"line":474,"column":12},"end":{"line":474,"column":17432}},"106":{"start":{"line":478,"column":12},"end":{"line":478,"column":83}},"107":{"start":{"line":480,"column":12},"end":{"line":480,"column":17698}},"108":{"start":{"line":484,"column":12},"end":{"line":484,"column":74}},"109":{"start":{"line":496,"column":8},"end":{"line":496,"column":18165}},"110":{"start":{"line":500,"column":8},"end":{"line":500,"column":18328}},"111":{"start":{"line":520,"column":8},"end":{"line":520,"column":46}},"112":{"start":{"line":521,"column":8},"end":{"line":521,"column":62}},"113":{"start":{"line":522,"column":8},"end":{"line":522,"column":59}},"114":{"start":{"line":534,"column":8},"end":{"line":534,"column":19765}},"115":{"start":{"line":535,"column":12},"end":{"line":535,"column":49}},"116":{"start":{"line":545,"column":12},"end":{"line":545,"column":47}},"117":{"start":{"line":555,"column":8},"end":{"line":555,"column":20563}},"118":{"start":{"line":556,"column":12},"end":{"line":556,"column":20639}},"119":{"start":{"line":559,"column":12},"end":{"line":559,"column":55}},"120":{"start":{"line":569,"column":8},"end":{"line":569,"column":21120}},"121":{"start":{"line":570,"column":12},"end":{"line":570,"column":71}},"122":{"start":{"line":572,"column":12},"end":{"line":572,"column":21270}},"123":{"start":{"line":573,"column":16},"end":{"line":573,"column":21357}},"124":{"start":{"line":583,"column":12},"end":{"line":583,"column":21584}},"125":{"start":{"line":585,"column":16},"end":{"line":585,"column":52}},"126":{"start":{"line":598,"column":8},"end":{"line":598,"column":22312}},"127":{"start":{"line":617,"column":8},"end":{"line":617,"column":66}},"128":{"start":{"line":618,"column":8},"end":{"line":618,"column":48}},"129":{"start":{"line":619,"column":8},"end":{"line":619,"column":27}},"130":{"start":{"line":620,"column":8},"end":{"line":620,"column":23204}},"131":{"start":{"line":621,"column":12},"end":{"line":621,"column":47}},"132":{"start":{"line":622,"column":12},"end":{"line":622,"column":60}},"133":{"start":{"line":623,"column":12},"end":{"line":623,"column":68}},"134":{"start":{"line":638,"column":8},"end":{"line":638,"column":52}},"135":{"start":{"line":639,"column":8},"end":{"line":639,"column":19}},"136":{"start":{"line":655,"column":8},"end":{"line":655,"column":24430}},"137":{"start":{"line":656,"column":12},"end":{"line":656,"column":38}},"138":{"start":{"line":657,"column":12},"end":{"line":657,"column":38}},"139":{"start":{"line":659,"column":12},"end":{"line":659,"column":44}},"140":{"start":{"line":660,"column":12},"end":{"line":660,"column":43}},"141":{"start":{"line":662,"column":12},"end":{"line":662,"column":70}},"142":{"start":{"line":664,"column":12},"end":{"line":664,"column":56}},"143":{"start":{"line":665,"column":12},"end":{"line":665,"column":74}},"144":{"start":{"line":671,"column":12},"end":{"line":671,"column":69}},"145":{"start":{"line":672,"column":12},"end":{"line":672,"column":47}},"146":{"start":{"line":696,"column":8},"end":{"line":696,"column":25774}},"147":{"start":{"line":697,"column":12},"end":{"line":697,"column":38}},"148":{"start":{"line":698,"column":12},"end":{"line":698,"column":38}},"149":{"start":{"line":700,"column":12},"end":{"line":700,"column":44}},"150":{"start":{"line":701,"column":12},"end":{"line":701,"column":43}},"151":{"start":{"line":703,"column":12},"end":{"line":703,"column":26009}},"152":{"start":{"line":707,"column":12},"end":{"line":707,"column":70}},"153":{"start":{"line":709,"column":12},"end":{"line":709,"column":90}},"154":{"start":{"line":712,"column":12},"end":{"line":712,"column":74}},"155":{"start":{"line":713,"column":12},"end":{"line":713,"column":47}},"156":{"start":{"line":730,"column":8},"end":{"line":730,"column":80}}},"branchMap":{"1":{"line":30,"type":"if","locations":[{"start":{"line":30,"column":15},"end":{"line":30,"column":15}},{"start":{"line":30,"column":15},"end":{"line":30,"column":15}}]},"2":{"line":116,"type":"if","locations":[{"start":{"line":116,"column":8},"end":{"line":116,"column":8}},{"start":{"line":116,"column":8},"end":{"line":116,"column":8}}]},"3":{"line":290,"type":"if","locations":[{"start":{"line":290,"column":24},"end":{"line":290,"column":24}},{"start":{"line":290,"column":24},"end":{"line":290,"column":24}}]},"4":{"line":290,"type":"if","locations":[{"start":{"line":290,"column":38},"end":{"line":290,"column":38}},{"start":{"line":290,"column":38},"end":{"line":290,"column":38}}]},"5":{"line":301,"type":"if","locations":[{"start":{"line":301,"column":8},"end":{"line":301,"column":8}},{"start":{"line":301,"column":8},"end":{"line":301,"column":8}}]},"6":{"line":324,"type":"if","locations":[{"start":{"line":324,"column":15},"end":{"line":324,"column":15}},{"start":{"line":324,"column":15},"end":{"line":324,"column":15}}]},"7":{"line":324,"type":"if","locations":[{"start":{"line":324,"column":29},"end":{"line":324,"column":29}},{"start":{"line":324,"column":29},"end":{"line":324,"column":29}}]},"8":{"line":331,"type":"if","locations":[{"start":{"line":331,"column":8},"end":{"line":331,"column":8}},{"start":{"line":331,"column":8},"end":{"line":331,"column":8}}]},"9":{"line":362,"type":"if","locations":[{"start":{"line":362,"column":8},"end":{"line":362,"column":8}},{"start":{"line":362,"column":8},"end":{"line":362,"column":8}}]},"10":{"line":393,"type":"if","locations":[{"start":{"line":393,"column":8},"end":{"line":393,"column":8}},{"start":{"line":393,"column":8},"end":{"line":393,"column":8}}]},"11":{"line":396,"type":"if","locations":[{"start":{"line":396,"column":8},"end":{"line":396,"column":8}},{"start":{"line":396,"column":8},"end":{"line":396,"column":8}}]},"12":{"line":400,"type":"if","locations":[{"start":{"line":400,"column":8},"end":{"line":400,"column":8}},{"start":{"line":400,"column":8},"end":{"line":400,"column":8}}]},"13":{"line":413,"type":"if","locations":[{"start":{"line":413,"column":8},"end":{"line":413,"column":8}},{"start":{"line":413,"column":8},"end":{"line":413,"column":8}}]},"14":{"line":414,"type":"if","locations":[{"start":{"line":414,"column":12},"end":{"line":414,"column":12}},{"start":{"line":414,"column":12},"end":{"line":414,"column":12}}]},"15":{"line":430,"type":"if","locations":[{"start":{"line":430,"column":8},"end":{"line":430,"column":8}},{"start":{"line":430,"column":8},"end":{"line":430,"column":8}}]},"16":{"line":433,"type":"if","locations":[{"start":{"line":433,"column":8},"end":{"line":433,"column":8}},{"start":{"line":433,"column":8},"end":{"line":433,"column":8}}]},"17":{"line":462,"type":"if","locations":[{"start":{"line":462,"column":8},"end":{"line":462,"column":8}},{"start":{"line":462,"column":8},"end":{"line":462,"column":8}}]},"18":{"line":474,"type":"if","locations":[{"start":{"line":474,"column":12},"end":{"line":474,"column":12}},{"start":{"line":474,"column":12},"end":{"line":474,"column":12}}]},"19":{"line":480,"type":"if","locations":[{"start":{"line":480,"column":12},"end":{"line":480,"column":12}},{"start":{"line":480,"column":12},"end":{"line":480,"column":12}}]},"20":{"line":496,"type":"if","locations":[{"start":{"line":496,"column":8},"end":{"line":496,"column":8}},{"start":{"line":496,"column":8},"end":{"line":496,"column":8}}]},"21":{"line":500,"type":"if","locations":[{"start":{"line":500,"column":8},"end":{"line":500,"column":8}},{"start":{"line":500,"column":8},"end":{"line":500,"column":8}}]},"22":{"line":534,"type":"if","locations":[{"start":{"line":534,"column":8},"end":{"line":534,"column":8}},{"start":{"line":534,"column":8},"end":{"line":534,"column":8}}]},"23":{"line":555,"type":"if","locations":[{"start":{"line":555,"column":8},"end":{"line":555,"column":8}},{"start":{"line":555,"column":8},"end":{"line":555,"column":8}}]},"24":{"line":556,"type":"if","locations":[{"start":{"line":556,"column":12},"end":{"line":556,"column":12}},{"start":{"line":556,"column":12},"end":{"line":556,"column":12}}]},"25":{"line":569,"type":"if","locations":[{"start":{"line":569,"column":8},"end":{"line":569,"column":8}},{"start":{"line":569,"column":8},"end":{"line":569,"column":8}}]},"26":{"line":573,"type":"if","locations":[{"start":{"line":573,"column":16},"end":{"line":573,"column":16}},{"start":{"line":573,"column":16},"end":{"line":573,"column":16}}]},"27":{"line":583,"type":"if","locations":[{"start":{"line":583,"column":12},"end":{"line":583,"column":12}},{"start":{"line":583,"column":12},"end":{"line":583,"column":12}}]},"28":{"line":598,"type":"if","locations":[{"start":{"line":598,"column":8},"end":{"line":598,"column":8}},{"start":{"line":598,"column":8},"end":{"line":598,"column":8}}]},"29":{"line":662,"type":"if","locations":[{"start":{"line":662,"column":12},"end":{"line":662,"column":12}},{"start":{"line":662,"column":12},"end":{"line":662,"column":12}}]},"30":{"line":703,"type":"if","locations":[{"start":{"line":703,"column":12},"end":{"line":703,"column":12}},{"start":{"line":703,"column":12},"end":{"line":703,"column":12}}]},"31":{"line":707,"type":"if","locations":[{"start":{"line":707,"column":12},"end":{"line":707,"column":12}},{"start":{"line":707,"column":12},"end":{"line":707,"column":12}}]}}},"contracts/BaseAggregatorToken.sol":{"l":{"47":0,"48":0,"56":0,"57":0,"65":0,"66":0,"71":0,"76":0,"81":0,"86":0,"91":0,"100":0,"101":0},"path":"/Users/demis/lys-protocol/contracts/BaseAggregatorToken.sol","s":{"1":0,"2":0,"3":0,"4":0,"5":0,"6":0,"7":0,"8":0,"9":0},"b":{"1":[0,0],"2":[0,0],"3":[0,0],"4":[0,0],"5":[0,0],"6":[0,0],"7":[0,0],"8":[0,0],"9":[0,0]},"f":{"1":0,"2":0,"3":0,"4":0,"5":0,"6":0,"7":0,"8":0,"9":0},"fnMap":{"1":{"name":"setMaxVaultsPerHolder","line":46,"loc":{"start":{"line":46,"column":4},"end":{"line":49,"column":4}}},"2":{"name":"setTransferStrategy","line":55,"loc":{"start":{"line":55,"column":4},"end":{"line":58,"column":4}}},"3":{"name":"setAggregatorFeeModel","line":64,"loc":{"start":{"line":64,"column":4},"end":{"line":67,"column":4}}},"4":{"name":"pause","line":70,"loc":{"start":{"line":70,"column":4},"end":{"line":72,"column":4}}},"5":{"name":"unpause","line":75,"loc":{"start":{"line":75,"column":4},"end":{"line":77,"column":4}}},"6":{"name":"_checkZeroAddress","line":80,"loc":{"start":{"line":80,"column":4},"end":{"line":82,"column":4}}},"7":{"name":"_checkEmptyString","line":85,"loc":{"start":{"line":85,"column":4},"end":{"line":87,"column":4}}},"8":{"name":"_checkZeroAmount","line":90,"loc":{"start":{"line":90,"column":4},"end":{"line":92,"column":4}}},"9":{"name":"_validateArgumentsLength","line":99,"loc":{"start":{"line":99,"column":4},"end":{"line":103,"column":4}}}},"statementMap":{"1":{"start":{"line":48,"column":8},"end":{"line":48,"column":55}},"2":{"start":{"line":57,"column":8},"end":{"line":57,"column":51}},"3":{"start":{"line":66,"column":8},"end":{"line":66,"column":55}},"4":{"start":{"line":71,"column":8},"end":{"line":71,"column":15}},"5":{"start":{"line":76,"column":8},"end":{"line":76,"column":17}},"6":{"start":{"line":81,"column":8},"end":{"line":81,"column":74}},"7":{"start":{"line":86,"column":8},"end":{"line":86,"column":79}},"8":{"start":{"line":91,"column":8},"end":{"line":91,"column":64}},"9":{"start":{"line":100,"column":8},"end":{"line":100,"column":4691}}},"branchMap":{"1":{"line":46,"type":"if","locations":[{"start":{"line":46,"column":70},"end":{"line":46,"column":70}},{"start":{"line":46,"column":70},"end":{"line":46,"column":70}}]},"2":{"line":55,"type":"if","locations":[{"start":{"line":55,"column":69},"end":{"line":55,"column":69}},{"start":{"line":55,"column":69},"end":{"line":55,"column":69}}]},"3":{"line":64,"type":"if","locations":[{"start":{"line":64,"column":73},"end":{"line":64,"column":73}},{"start":{"line":64,"column":73},"end":{"line":64,"column":73}}]},"4":{"line":70,"type":"if","locations":[{"start":{"line":70,"column":30},"end":{"line":70,"column":30}},{"start":{"line":70,"column":30},"end":{"line":70,"column":30}}]},"5":{"line":75,"type":"if","locations":[{"start":{"line":75,"column":32},"end":{"line":75,"column":32}},{"start":{"line":75,"column":32},"end":{"line":75,"column":32}}]},"6":{"line":81,"type":"if","locations":[{"start":{"line":81,"column":8},"end":{"line":81,"column":8}},{"start":{"line":81,"column":8},"end":{"line":81,"column":8}}]},"7":{"line":86,"type":"if","locations":[{"start":{"line":86,"column":8},"end":{"line":86,"column":8}},{"start":{"line":86,"column":8},"end":{"line":86,"column":8}}]},"8":{"line":91,"type":"if","locations":[{"start":{"line":91,"column":8},"end":{"line":91,"column":8}},{"start":{"line":91,"column":8},"end":{"line":91,"column":8}}]},"9":{"line":100,"type":"if","locations":[{"start":{"line":100,"column":8},"end":{"line":100,"column":8}},{"start":{"line":100,"column":8},"end":{"line":100,"column":8}}]}}},"contracts/BaseStrategy.sol":{"l":{"61":0,"63":0,"65":0,"73":0,"75":0,"77":0,"85":0,"87":0,"89":0,"99":0,"105":0,"107":0,"116":0,"118":0,"121":0,"123":0,"126":0,"127":0,"128":0,"138":0,"140":0,"143":0,"145":0,"148":0,"149":0,"150":0,"159":0,"161":0,"163":0,"171":0,"173":0,"175":0,"199":0,"207":0,"213":0,"219":0,"227":0,"231":0,"234":0,"236":0,"237":0,"239":0,"240":0,"243":0,"245":0,"248":0,"254":0,"261":0,"268":0,"274":0,"279":0,"284":0,"289":0},"path":"/Users/demis/lys-protocol/contracts/BaseStrategy.sol","s":{"1":0,"2":0,"3":0,"4":0,"5":0,"6":0,"7":0,"8":0,"9":0,"10":0,"11":0,"12":0,"13":0,"14":0,"15":0,"16":0,"17":0,"18":0,"19":0,"20":0,"21":0,"22":0,"23":0,"24":0,"25":0,"26":0,"27":0,"28":0,"29":0,"30":0,"31":0,"32":0,"33":0,"34":0,"35":0,"36":0,"37":0,"38":0,"39":0,"40":0,"41":0,"42":0,"43":0},"b":{"1":[0,0],"2":[0,0],"3":[0,0],"4":[0,0],"5":[0,0],"6":[0,0],"7":[0,0],"8":[0,0],"9":[0,0],"10":[0,0],"11":[0,0],"12":[0,0],"13":[0,0],"14":[0,0],"15":[0,0],"16":[0,0],"17":[0,0],"18":[0,0],"19":[0,0],"20":[0,0],"21":[0,0]},"f":{"1":0,"2":0,"3":0,"4":0,"5":0,"6":0,"7":0,"8":0,"9":0,"10":0,"11":0,"12":0,"13":0,"14":0,"15":0,"16":0,"17":0,"18":0,"19":0},"fnMap":{"1":{"name":"setVaultAddress","line":60,"loc":{"start":{"line":60,"column":4},"end":{"line":66,"column":4}}},"2":{"name":"setWithdrawStrategyAddress","line":72,"loc":{"start":{"line":70,"column":4},"end":{"line":78,"column":4}}},"3":{"name":"setStrategyName","line":84,"loc":{"start":{"line":82,"column":4},"end":{"line":90,"column":4}}},"4":{"name":"setPriceFeedPerToken","line":98,"loc":{"start":{"line":95,"column":4},"end":{"line":108,"column":4}}},"5":{"name":"_setAdaptersDeployPath","line":112,"loc":{"start":{"line":112,"column":4},"end":{"line":130,"column":4}}},"6":{"name":"_setAdaptersWithdrawPath","line":134,"loc":{"start":{"line":134,"column":4},"end":{"line":152,"column":4}}},"7":{"name":"setLiquidTokenAddress","line":158,"loc":{"start":{"line":156,"column":4},"end":{"line":164,"column":4}}},"8":{"name":"setWrappedLiquidTokenAddress","line":170,"loc":{"start":{"line":168,"column":4},"end":{"line":176,"column":4}}},"9":{"name":"_deployAssets","line":187,"loc":{"start":{"line":187,"column":4},"end":{"line":208,"column":4}}},"10":{"name":"pause","line":212,"loc":{"start":{"line":212,"column":4},"end":{"line":214,"column":4}}},"11":{"name":"unpause","line":218,"loc":{"start":{"line":218,"column":4},"end":{"line":220,"column":4}}},"12":{"name":"getTokenPrice","line":226,"loc":{"start":{"line":226,"column":4},"end":{"line":249,"column":4}}},"13":{"name":"_getFirstDepositAdapter","line":253,"loc":{"start":{"line":253,"column":4},"end":{"line":255,"column":4}}},"14":{"name":"_getLastDepositAdapter","line":259,"loc":{"start":{"line":259,"column":4},"end":{"line":262,"column":4}}},"15":{"name":"_getAdapterForWithdraw","line":266,"loc":{"start":{"line":266,"column":4},"end":{"line":269,"column":4}}},"16":{"name":"_getDeployedAssetsValue","line":273,"loc":{"start":{"line":273,"column":4},"end":{"line":275,"column":4}}},"17":{"name":"_checkZeroAddress","line":278,"loc":{"start":{"line":278,"column":4},"end":{"line":280,"column":4}}},"18":{"name":"_checkEmptyString","line":283,"loc":{"start":{"line":283,"column":4},"end":{"line":285,"column":4}}},"19":{"name":"_checkZeroAmount","line":288,"loc":{"start":{"line":288,"column":4},"end":{"line":290,"column":4}}}},"statementMap":{"1":{"start":{"line":61,"column":8},"end":{"line":61,"column":56}},"2":{"start":{"line":63,"column":8},"end":{"line":63,"column":43}},"3":{"start":{"line":73,"column":8},"end":{"line":73,"column":78}},"4":{"start":{"line":75,"column":8},"end":{"line":75,"column":65}},"5":{"start":{"line":85,"column":8},"end":{"line":85,"column":56}},"6":{"start":{"line":87,"column":8},"end":{"line":87,"column":43}},"7":{"start":{"line":99,"column":8},"end":{"line":99,"column":3771}},"8":{"start":{"line":105,"column":8},"end":{"line":105,"column":40}},"9":{"start":{"line":116,"column":8},"end":{"line":116,"column":51}},"10":{"start":{"line":118,"column":8},"end":{"line":118,"column":92}},"11":{"start":{"line":123,"column":8},"end":{"line":123,"column":55}},"12":{"start":{"line":126,"column":8},"end":{"line":126,"column":4722}},"13":{"start":{"line":127,"column":12},"end":{"line":127,"column":77}},"14":{"start":{"line":128,"column":12},"end":{"line":128,"column":58}},"15":{"start":{"line":138,"column":8},"end":{"line":138,"column":53}},"16":{"start":{"line":140,"co
[...]
":386,"column":14850}},"70":{"start":{"line":398,"column":8},"end":{"line":398,"column":15282}},"71":{"start":{"line":399,"column":12},"end":{"line":399,"column":15341}},"72":{"start":{"line":403,"column":12},"end":{"line":403,"column":15473}},"73":{"start":{"line":404,"column":16},"end":{"line":404,"column":47}},"74":{"start":{"line":408,"column":8},"end":{"line":408,"column":36}}},"branchMap":{"1":{"line":63,"type":"if","locations":[{"start":{"line":63,"column":15},"end":{"line":63,"column":15}},{"start":{"line":63,"column":15},"end":{"line":63,"column":15}}]},"2":{"line":89,"type":"if","locations":[{"start":{"line":89,"column":15},"end":{"line":89,"column":15}},{"start":{"line":89,"column":15},"end":{"line":89,"column":15}}]},"3":{"line":97,"type":"if","locations":[{"start":{"line":97,"column":15},"end":{"line":97,"column":15}},{"start":{"line":97,"column":15},"end":{"line":97,"column":15}}]},"4":{"line":107,"type":"if","locations":[{"start":{"line":107,"column":15},"end":{"line":107,"column":15}},{"start":{"line":107,"column":15},"end":{"line":107,"column":15}}]},"5":{"line":111,"type":"if","locations":[{"start":{"line":111,"column":8},"end":{"line":111,"column":8}},{"start":{"line":111,"column":8},"end":{"line":111,"column":8}}]},"6":{"line":112,"type":"if","locations":[{"start":{"line":112,"column":8},"end":{"line":112,"column":8}},{"start":{"line":112,"column":8},"end":{"line":112,"column":8}}]},"7":{"line":142,"type":"if","locations":[{"start":{"line":142,"column":15},"end":{"line":142,"column":15}},{"start":{"line":142,"column":15},"end":{"line":142,"column":15}}]},"8":{"line":142,"type":"if","locations":[{"start":{"line":142,"column":29},"end":{"line":142,"column":29}},{"start":{"line":142,"column":29},"end":{"line":142,"column":29}}]},"9":{"line":166,"type":"if","locations":[{"start":{"line":166,"column":8},"end":{"line":166,"column":8}},{"start":{"line":166,"column":8},"end":{"line":166,"column":8}}]},"10":{"line":191,"type":"if","locations":[{"start":{"line":191,"column":8},"end":{"line":191,"column":8}},{"start":{"line":191,"column":8},"end":{"line":191,"column":8}}]},"11":{"line":191,"type":"cond-expr","locations":[{"start":{"line":191,"column":12},"end":{"line":191,"column":34}},{"start":{"line":191,"column":39},"end":{"line":191,"column":72}}]},"12":{"line":208,"type":"if","locations":[{"start":{"line":208,"column":15},"end":{"line":208,"column":15}},{"start":{"line":208,"column":15},"end":{"line":208,"column":15}}]},"13":{"line":210,"type":"if","locations":[{"start":{"line":210,"column":8},"end":{"line":210,"column":8}},{"start":{"line":210,"column":8},"end":{"line":210,"column":8}}]},"14":{"line":210,"type":"cond-expr","locations":[{"start":{"line":210,"column":16},"end":{"line":210,"column":27}},{"start":{"line":210,"column":32},"end":{"line":210,"column":43}}]},"15":{"line":229,"type":"if","locations":[{"start":{"line":229,"column":15},"end":{"line":229,"column":15}},{"start":{"line":229,"column":15},"end":{"line":229,"column":15}}]},"16":{"line":229,"type":"if","locations":[{"start":{"line":229,"column":29},"end":{"line":229,"column":29}},{"start":{"line":229,"column":29},"end":{"line":229,"column":29}}]},"17":{"line":241,"type":"if","locations":[{"start":{"line":241,"column":8},"end":{"line":241,"column":8}},{"start":{"line":241,"column":8},"end":{"line":241,"column":8}}]},"18":{"line":251,"type":"if","locations":[{"start":{"line":251,"column":47},"end":{"line":251,"column":47}},{"start":{"line":251,"column":47},"end":{"line":251,"column":47}}]},"19":{"line":252,"type":"if","locations":[{"start":{"line":252,"column":8},"end":{"line":252,"column":8}},{"start":{"line":252,"column":8},"end":{"line":252,"column":8}}]},"20":{"line":259,"type":"if","locations":[{"start":{"line":259,"column":8},"end":{"line":259,"column":8}},{"start":{"line":259,"column":8},"end":{"line":259,"column":8}}]},"21":{"line":275,"type":"if","locations":[{"start":{"line":275,"column":49},"end":{"line":275,"column":49}},{"start":{"line":275,"column":49},"end":{"line":275,"column":49}}]},"22":{"line":276,"type":"if","locations":[{"start":{"line":276,"column":8},"end":{"line":276,"column":8}},{"start":{"line":276,"column":8},"end":{"line":276,"column":8}}]},"23":{"line":283,"type":"if","locations":[{"start":{"line":283,"column":8},"end":{"line":283,"column":8}},{"start":{"line":283,"column":8},"end":{"line":283,"column":8}}]},"24":{"line":324,"type":"if","locations":[{"start":{"line":324,"column":14},"end":{"line":324,"column":38}},{"start":{"line":325,"column":14},"end":{"line":325,"column":31}}]},"25":{"line":344,"type":"if","locations":[{"start":{"line":344,"column":8},"end":{"line":344,"column":8}},{"start":{"line":344,"column":8},"end":{"line":344,"column":8}}]},"26":{"line":365,"type":"if","locations":[{"start":{"line":365,"column":12},"end":{"line":365,"column":12}},{"start":{"line":365,"column":12},"end":{"line":365,"column":12}}]},"27":{"line":379,"type":"if","locations":[{"start":{"line":379,"column":8},"end":{"line":379,"column":8}},{"start":{"line":379,"column":8},"end":{"line":379,"column":8}}]},"28":{"line":398,"type":"if","locations":[{"start":{"line":398,"column":8},"end":{"line":398,"column":8}},{"start":{"line":398,"column":8},"end":{"line":398,"column":8}}]},"29":{"line":403,"type":"if","locations":[{"start":{"line":403,"column":12},"end":{"line":403,"column":12}},{"start":{"line":403,"column":12},"end":{"line":403,"column":12}}]}}},"contracts/vaultStrategies/StrSimpleStaking.sol":{"l":{"64":0,"65":0,"66":0,"69":0,"72":0,"75":0,"76":0,"79":0,"80":0,"82":0,"90":0,"98":0,"108":0,"109":0,"111":0,"112":0,"114":0,"115":0,"118":0,"119":0,"122":0,"123":0,"124":0,"127":0,"143":0,"144":0,"145":0,"146":0,"149":0,"152":0,"156":0,"166":0,"167":0,"173":0,"175":0,"185":0,"188":0,"191":0,"195":0,"197":0,"206":0,"207":0,"208":0,"210":0,"216":0,"218":0,"220":0,"227":0,"230":0,"232":0,"234":0,"235":0,"237":0,"244":0,"251":0,"254":0,"256":0,"258":0,"259":0,"261":0,"268":0,"273":0,"278":0,"283":0,"298":0,"306":0,"314":0,"317":0,"318":0,"335":0,"338":0,"343":0,"346":0,"350":0,"353":0,"354":0,"360":0,"363":0,"375":0,"376":0,"380":0,"381":0,"385":0},"path":"/Users/demis/lys-protocol/contracts/vaultStrategies/StrSimpleStaking.sol","s":{"1":0,"2":0,"3":0,"4":0,"5":0,"6":0,"7":0,"8":0,"9":0,"10":0,"11":0,"12":0,"13":0,"14":0,"15":0,"16":0,"17":0,"18":0,"19":0,"20":0,"21":0,"22":0,"23":0,"24":0,"25":0,"26":0,"27":0,"28":0,"29":0,"30":0,"31":0,"32":0,"33":0,"34":0,"35":0,"36":0,"37":0,"38":0,"39":0,"40":0,"41":0,"42":0,"43":0,"44":0,"45":0,"46":0,"47":0,"48":0,"49":0,"50":0,"51":0,"52":0,"53":0,"54":0,"55":0,"56":0,"57":0,"58":0,"59":0,"60":0,"61":0,"62":0,"63":0,"64":0,"65":0,"66":0,"67":0,"68":0,"69":0,"70":0,"71":0},"b":{"1":[0,0],"2":[0,0],"3":[0,0],"4":[0,0],"5":[0,0],"6":[0,0],"7":[0,0],"8":[0,0],"9":[0,0],"10":[0,0],"11":[0,0],"12":[0,0],"13":[0,0],"14":[0,0],"15":[0,0],"16":[0,0],"17":[0,0],"18":[0,0],"19":[0,0],"20":[0,0],"21":[0,0],"22":[0,0],"23":[0,0],"24":[0,0],"25":[0,0],"26":[0,0]},"f":{"1":0,"2":0,"3":0,"4":0,"5":0,"6":0,"7":0,"8":0,"9":0,"10":0,"11":0,"12":0,"13":0},"fnMap":{"1":{"name":"initialize","line":63,"loc":{"start":{"line":57,"column":4},"end":{"line":83,"column":4}}},"2":{"name":"setAdaptersDeployPath","line":89,"loc":{"start":{"line":87,"column":4},"end":{"line":91,"column":4}}},"3":{"name":"setAdaptersWithdrawPath","line":97,"loc":{"start":{"line":95,"column":4},"end":{"line":99,"column":4}}},"4":{"name":"buildPath","line":107,"loc":{"start":{"line":104,"column":4},"end":{"line":128,"column":4}}},"5":{"name":"executeDeploymentStrategy","line":142,"loc":{"start":{"line":137,"column":4},"end":{"line":176,"column":4}}},"6":{"name":"updateDeployedAssetVaule","line":183,"loc":{"start":{"line":181,"column":4},"end":{"line":198,"column":4}}},"7":{"name":"executeWithdrawStrategy","line":204,"loc":{"start":{"line":200,"column":4},"end":{"line":221,"column":4}}},"8":{"name":"wrapToken","line":226,"loc":{"start":{"line":226,"column":4},"end":{"line":245,"column":4}}},"9":{"name":"unwrapToken","line":250,"loc":{"start":{"line":250,"column":4},"end":{"line":269,"column":4}}},"10":{"name":"getFirstDepositAdapter","line":272,"loc":{"start":{"line":272,"column":4},"end":{"line":274,"column":4}}},"11":{"name":"getDeployedAssetsValue","line":277,"loc":{"start":{"line":277,"column":4},"end":{"line":279,"column":4}}},"12":{"name":"executeHarvest","line":282,"loc":{"start":{"line":282,"column":4},"end":{"line":284,"column":4}}},"13":{"name":"_immediateWithdraw","line":292,"loc":{"start":{"line":292,"column":4},"end":{"line":386,"column":4}}}},"statementMap":{"1":{"start":{"line":64,"column":8},"end":{"line":64,"column":56}},"2":{"start":{"line":65,"column":8},"end":{"line":65,"column":68}},"3":{"start":{"line":66,"column":8},"end":{"line":66,"column":56}},"4":{"start":{"line":69,"column":8},"end":{"line":69,"column":29}},"5":{"start":{"line":72,"column":8},"end":{"line":72,"column":51}},"6":{"start":{"line":75,"column":8},"end":{"line":75,"column":81}},"7":{"start":{"line":76,"column":8},"end":{"line":76,"column":83}},"8":{"start":{"line":90,"column":8},"end":{"line":90,"column":81}},"9":{"start":{"line":98,"column":8},"end":{"line":98,"column":83}},"10":{"start":{"line":108,"column":8},"end":{"line":108,"column":45}},"11":{"start":{"line":109,"column":8},"end":{"line":109,"column":41}},"12":{"start":{"line":111,"column":8},"end":{"line":111,"column":57}},"13":{"start":{"line":112,"column":8},"end":{"line":112,"column":66}},"14":{"start":{"line":114,"column":8},"end":{"line":114,"column":4486}},"15":{"start":{"line":115,"column":12},"end":{"line":115,"column":51}},"16":{"start":{"line":118,"column":8},"end":{"line":118,"column":4601}},"17":{"start":{"line":119,"column":12},"end":{"line":119,"column":46}},"18":{"start":{"line":123,"column":8},"end":{"line":123,"column":4758}},"19":{"start":{"line":127,"column":8},"end":{"line":127,"column":34}},"20":{"start":{"line":143,"column":8},"end":{"line":143,"column":44}},"21":{"start":{"line":144,"column":8},"end":{"line":144,"column":48}},"22":{"start":{"line":145,"column":8},"end":{"line":145,"column":42}},"23":{"start":{"line":146,"column":8},"end":{"line":146,"column":55}},"24":{"start":{"line":149,"column":8},"end":{"line":149,"column":27}},"25":{"start":{"line":152,"column":8},"end":{"line":152,"column":57}},"26":{"start":{"line":156,"column":8},"end":{"line":156,"column":6160}},"27":{"start":{"line":166,"column":8},"end":{"line":166,"column":6473}},"28":{"start":{"line":173,"column":8},"end":{"line":173,"column":94}},"29":{"start":{"line":175,"column":8},"end":{"line":175,"column":47}},"30":{"start":{"line":185,"column":8},"end":{"line":185,"column":75}},"31":{"start":{"line":188,"column":8},"end":{"line":188,"column":68}},"32":{"start":{"line":195,"column":8},"end":{"line":195,"column":95}},"33":{"start":{"line":197,"column":8},"end":{"line":197,"column":34}},"34":{"start":{"line":206,"column":8},"end":{"line":206,"column":48}},"35":{"start":{"line":207,"column":8},"end":{"line":207,"column":42}},"36":{"start":{"line":208,"column":8},"end":{"line":208,"column":55}},"37":{"start":{"line":210,"column":8},"end":{"line":210,"column":8211}},"38":{"start":{"line":216,"column":8},"end":{"line":216,"column":69}},"39":{"start":{"line":218,"column":8},"end":{"line":218,"column":69}},"40":{"start":{"line":220,"column":8},"end":{"line":220,"column":36}},"41":{"start":{"line":227,"column":8},"end":{"line":227,"column":77}},"42":{"start":{"line":230,"column":8},"end":{"line":230,"column":77}},"43":{"start":{"line":232,"column":8},"end":{"line":232,"column":92}},"44":{"start":{"line":234,"column":8},"end":{"line":234,"column":9141}},"45":{"start":{"line":237,"column":8},"end":{"line":237,"column":9188}},"46":{"start":{"line":244,"column":8},"end":{"line":244,"column":31}},"47":{"start":{"line":251,"column":8},"end":{"line":251,"column":77}},"48":{"start":{"line":254,"column":8},"end":{"line":254,"column":84}},"49":{"start":{"line":256,"column":8},"end":{"line":256,"column":93}},"50":{"start":{"line":258,"column":8},"end":{"line":258,"column":9978}},"51":{"start":{"line":261,"column":8},"end":{"line":261,"column":10024}},"52":{"start":{"line":268,"column":8},"end":{"line":268,"column":30}},"53":{"start":{"line":273,"column":8},"end":{"line":273,"column":46}},"54":{"start":{"line":278,"column":8},"end":{"line":278,"column":46}},"55":{"start":{"line":283,"column":8},"end":{"line":283,"column":25}},"56":{"start":{"line":298,"column":8},"end":{"line":298,"column":11434}},"57":{"start":{"line":306,"column":8},"end":{"line":306,"column":52}},"58":{"start":{"line":314,"column":8},"end":{"line":314,"column":12203}},"59":{"start":{"line":317,"column":8},"end":{"line":317,"column":28}},"60":{"start":{"line":318,"column":8},"end":{"line":318,"column":12319}},"61":{"start":{"line":335,"column":12},"end":{"line":335,"column":12867}},"62":{"start":{"line":338,"column":12},"end":{"line":338,"column":13014}},"63":{"start":{"line":350,"column":8},"end":{"line":350,"column":88}},"64":{"start":{"line":353,"column":8},"end":{"line":353,"column":13550}},"65":{"start":{"line":360,"column":8},"end":{"line":360,"column":74}},"66":{"start":{"line":363,"column":8},"end":{"line":363,"column":13903}},"67":{"start":{"line":375,"column":8},"end":{"line":375,"column":14335}},"68":{"start":{"line":376,"column":12},"end":{"line":376,"column":14394}},"69":{"start":{"line":380,"column":12},"end":{"line":380,"column":14526}},"70":{"start":{"line":381,"column":16},"end":{"line":381,"column":47}},"71":{"start":{"line":385,"column":8},"end":{"line":385,"column":36}}},"branchMap":{"1":{"line":63,"type":"if","locations":[{"start":{"line":63,"column":15},"end":{"line":63,"column":15}},{"start":{"line":63,"column":15},"end":{"line":63,"column":15}}]},"2":{"line":89,"type":"if","locations":[{"start":{"line":89,"column":15},"end":{"line":89,"column":15}},{"start":{"line":89,"column":15},"end":{"line":89,"column":15}}]},"3":{"line":97,"type":"if","locations":[{"start":{"line":97,"column":15},"end":{"line":97,"column":15}},{"start":{"line":97,"column":15},"end":{"line":97,"column":15}}]},"4":{"line":107,"type":"if","locations":[{"start":{"line":107,"column":15},"end":{"line":107,"column":15}},{"start":{"line":107,"column":15},"end":{"line":107,"column":15}}]},"5":{"line":111,"type":"if","locations":[{"start":{"line":111,"column":8},"end":{"line":111,"column":8}},{"start":{"line":111,"column":8},"end":{"line":111,"column":8}}]},"6":{"line":112,"type":"if","locations":[{"start":{"line":112,"column":8},"end":{"line":112,"column":8}},{"start":{"line":112,"column":8},"end":{"line":112,"column":8}}]},"7":{"line":142,"type":"if","locations":[{"start":{"line":142,"column":15},"end":{"line":142,"column":15}},{"start":{"line":142,"column":15},"end":{"line":142,"column":15}}]},"8":{"line":166,"type":"if","locations":[{"start":{"line":166,"column":8},"end":{"line":166,"column":8}},{"start":{"line":166,"column":8},"end":{"line":166,"column":8}}]},"9":{"line":166,"type":"cond-expr","locations":[{"start":{"line":166,"column":12},"end":{"line":166,"column":33}},{"start":{"line":166,"column":38},"end":{"line":166,"column":70}}]},"10":{"line":183,"type":"if","locations":[{"start":{"line":183,"column":15},"end":{"line":183,"column":15}},{"start":{"line":183,"column":15},"end":{"line":183,"column":15}}]},"11":{"line":185,"type":"if","locations":[{"start":{"line":185,"column":8},"end":{"line":185,"column":8}},{"start":{"line":185,"column":8},"end":{"line":185,"column":8}}]},"12":{"line":185,"type":"cond-expr","locations":[{"start":{"line":185,"column":16},"end":{"line":185,"column":27}},{"start":{"line":185,"column":32},"end":{"line":185,"column":43}}]},"13":{"line":204,"type":"if","locations":[{"start":{"line":204,"column":15},"end":{"line":204,"column":15}},{"start":{"line":204,"column":15},"end":{"line":204,"column":15}}]},"14":{"line":216,"type":"if","locations":[{"start":{"line":216,"column":8},"end":{"line":216,"column":8}},{"start":{"line":216,"column":8},"end":{"line":216,"column":8}}]},"15":{"line":226,"type":"if","locations":[{"start":{"line":226,"column":47},"end":{"line":226,"column":47}},{"start":{"line":226,"column":47},"end":{"line":226,"column":47}}]},"16":{"line":227,"type":"if","locations":[{"start":{"line":227,"column":8},"end":{"line":227,"column":8}},{"start":{"line":227,"column":8},"end":{"line":227,"column":8}}]},"17":{"line":234,"type":"if","locations":[{"start":{"line":234,"column":8},"end":{"line":234,"column":8}},{"start":{"line":234,"column":8},"end":{"line":234,"column":8}}]},"18":{"line":250,"type":"if","locations":[{"start":{"line":250,"column":49},"end":{"line":250,"column":49}},{"start":{"line":250,"column":49},"end":{"line":250,"column":49}}]},"19":{"line":251,"type":"if","locations":[{"start":{"line":251,"column":8},"end":{"line":251,"column":8}},{"start":{"line":251,"column":8},"end":{"line":251,"column":8}}]},"20":{"line":258,"type":"if","locations":[{"start":{"line":258,"column":8},"end":{"line":258,"column":8}},{"start":{"line":258,"column":8},"end":{"line":258,"column":8}}]},"21":{"line":299,"type":"if","locations":[{"start":{"line":299,"column":14},"end":{"line":299,"column":38}},{"start":{"line":300,"column":14},"end":{"line":300,"column":31}}]},"22":{"line":318,"type":"if","locations":[{"start":{"line":318,"column":8},"end":{"line":318,"column":8}},{"start":{"line":318,"column":8},"end":{"line":318,"column":8}}]},"23":{"line":338,"type":"if","locations":[{"start":{"line":338,"column":12},"end":{"line":338,"column":12}},{"start":{"line":338,"column":12},"end":{"line":338,"column":12}}]},"24":{"line":353,"type":"if","locations":[{"start":{"line":353,"column":8},"end":{"line":353,"column":8}},{"start":{"line":353,"column":8},"end":{"line":353,"column":8}}]},"25":{"line":375,"type":"if","locations":[{"start":{"line":375,"column":8},"end":{"line":375,"column":8}},{"start":{"line":375,"column":8},"end":{"line":375,"column":8}}]},"26":{"line":380,"type":"if","locations":[{"start":{"line":380,"column":12},"end":{"line":380,"column":12}},{"start":{"line":380,"column":12},"end":{"line":380,"column":12}}]}}},"contracts/withdrawStrategies/StrWithdrawStandard.sol":{"l":{"25":0,"26":0,"27":0,"28":0,"31":0,"34":0,"37":0,"40":0,"41":0,"42":0,"43":0,"51":0,"59":0},"path":"/Users/demis/lys-protocol/contracts/withdrawStrategies/StrWithdrawStandard.sol","s":{"1":0,"2":0,"3":0,"4":0,"5":0,"6":0,"7":0,"8":0,"9":0},"b":{"1":[0,0],"2":[0,0],"3":[0,0]},"f":{"1":0,"2":0,"3":0},"fnMap":{"1":{"name":"initialize","line":22,"loc":{"start":{"line":16,"column":4},"end":{"line":44,"column":4}}},"2":{"name":"setAdaptersWithdrawPath","line":50,"loc":{"start":{"line":48,"column":4},"end":{"line":52,"column":4}}},"3":{"name":"executeWithdrawStrategy","line":58,"loc":{"start":{"line":54,"column":4},"end":{"line":60,"column":4}}}},"statementMap":{"1":{"start":{"line":25,"column":8},"end":{"line":25,"column":56}},"2":{"start":{"line":26,"column":8},"end":{"line":26,"column":68}},"3":{"start":{"line":27,"column":8},"end":{"line":27,"column":72}},"4":{"start":{"line":28,"column":8},"end":{"line":28,"column":56}},"5":{"start":{"line":31,"column":8},"end":{"line":31,"column":83}},"6":{"start":{"line":34,"column":8},"end":{"line":34,"column":29}},"7":{"start":{"line":37,"column":8},"end":{"line":37,"column":51}},"8":{"start":{"line":51,"column":8},"end":{"line":51,"column":83}},"9":{"start":{"line":59,"column":8},"end":{"line":59,"column":25}}},"branchMap":{"1":{"line":22,"type":"if","locations":[{"start":{"line":22,"column":15},"end":{"line":22,"column":15}},{"start":{"line":22,"column":15},"end":{"line":22,"column":15}}]},"2":{"line":50,"type":"if","locations":[{"start":{"line":50,"column":15},"end":{"line":50,"column":15}},{"start":{"line":50,"column":15},"end":{"line":50,"column":15}}]},"3":{"line":58,"type":"if","locations":[{"start":{"line":58,"column":23},"end":{"line":58,"column":23}},{"start":{"line":58,"column":23},"end":{"line":58,"column":23}}]}}}}