TN:
SF:/Users/demis/lys-protocol/contracts/adapters/BaseAdapter.sol
FN:38,setWETHAddress
FN:48,setSlippage
FN:57,pause
FN:62,unpause
FN:69,_checkZeroAddress
FN:76,_checkZeroAmount
FN:82,getSlippage
FNF:7
FNH:0
FNDA:0,setWETHAddress
FNDA:0,setSlippage
FNDA:0,pause
FNDA:0,unpause
FNDA:0,_checkZeroAddress
FNDA:0,_checkZeroAmount
FNDA:0,getSlippage
DA:39,0
DA:41,0
DA:43,0
DA:49,0
DA:51,0
DA:53,0
DA:58,0
DA:63,0
DA:70,0
DA:77,0
DA:83,0
LF:11
LH:0
BRDA:38,1,0,0
BRDA:38,1,1,0
BRDA:48,2,0,0
BRDA:48,2,1,0
BRDA:57,3,0,0
BRDA:57,3,1,0
BRDA:62,4,0,0
BRDA:62,4,1,0
BRDA:70,5,0,0
BRDA:70,5,1,0
BRDA:77,6,0,0
BRDA:77,6,1,0
BRF:12
BRH:0
end_of_record
TN:
SF:/Users/demis/lys-protocol/contracts/adapters/etherfi/EtherFiAdapter.sol
FN:44,initialize
FN:87,deposit
FN:133,setLiquifierAddress
FN:143,getProtocol
FN:148,claimEarnings
FN:153,getTokenPrice
FN:158,withdraw
FNF:7
FNH:0
FNDA:0,initialize
FNDA:0,deposit
FNDA:0,setLiquifierAddress
FNDA:0,getProtocol
FNDA:0,claimEarnings
FNDA:0,getTokenPrice
FNDA:0,withdraw
DA:45,0
DA:46,0
DA:47,0
DA:49,0
DA:50,0
DA:51,0
DA:53,0
DA:55,0
DA:57,0
DA:58,0
DA:61,0
DA:63,0
DA:90,0
DA:91,0
DA:92,0
DA:93,0
DA:96,0
DA:97,0
DA:100,0
DA:103,0
DA:105,0
DA:106,0
DA:108,0
DA:109,0
DA:112,0
DA:114,0
DA:116,0
DA:117,0
DA:119,0
DA:123,0
DA:126,0
DA:129,0
DA:134,0
DA:136,0
DA:138,0
DA:144,0
DA:149,0
DA:154,0
DA:167,0
LF:39
LH:0
BRDA:44,1,0,0
BRDA:44,1,1,0
BRDA:85,2,0,0
BRDA:85,2,1,0
BRDA:86,3,0,0
BRDA:86,3,1,0
BRDA:87,4,0,0
BRDA:87,4,1,0
BRDA:106,5,0,0
BRDA:106,5,1,0
BRDA:112,6,0,0
BRDA:112,6,1,0
BRDA:119,7,0,0
BRDA:119,7,1,0
BRDA:133,8,0,0
BRDA:133,8,1,0
BRF:16
BRH:0
end_of_record
TN:
SF:/Users/demis/lys-protocol/contracts/adapters/etherfi/interfaces/IEtherFiLiqudityPool.sol
FNF:0
FNH:0
LF:0
LH:0
BRF:0
BRH:0
end_of_record
TN:
SF:/Users/demis/lys-protocol/contracts/adapters/etherfi/interfaces/IEtherFiLiquifier.sol
FNF:0
FNH:0
LF:0
LH:0
BRF:0
BRH:0
end_of_record
TN:
SF:/Users/demis/lys-protocol/contracts/adapters/etherfi/interfaces/IEtherFiWithdrawRequestNFT.sol
FNF:0
FNH:0
LF:0
LH:0
BRF:0
BRH:0
end_of_record
TN:
SF:/Users/demis/lys-protocol/contracts/adapters/etherfi/interfaces/IweETH.sol
FNF:0
FNH:0
LF:0
LH:0
BRF:0
BRH:0
end_of_record
TN:
SF:/Users/demis/lys-protocol/contracts/adapters/kelp/interfaces/IKelpProtocol.sol
FNF:0
FNH:0
LF:0
LH:0
BRF:0
BRH:0
end_of_record
TN:
SF:/Users/demis/lys-protocol/contracts/adapters/kelp/KelpAdapter.sol
FN:34,initialize
FN:75,deposit
FN:132,setKelpProtocolAddress
FN:142,getProtocol
FN:147,claimEarnings
FN:152,getTokenPrice
FN:157,withdraw
FNF:7
FNH:0
FNDA:0,initialize
FNDA:0,deposit
FNDA:0,setKelpProtocolAddress
FNDA:0,getProtocol
FNDA:0,claimEarnings
FNDA:0,getTokenPrice
FNDA:0,withdraw
DA:35,0
DA:36,0
DA:38,0
DA:39,0
DA:40,0
DA:42,0
DA:44,0
DA:46,0
DA:49,0
DA:51,0
DA:78,0
DA:79,0
DA:80,0
DA:81,0
DA:84,0
DA:85,0
DA:88,0
DA:91,0
DA:92,0
DA:95,0
DA:96,0
DA:99,0
DA:105,0
DA:112,0
DA:113,0
DA:114,0
DA:116,0
DA:117,0
DA:120,0
DA:123,0
DA:126,0
DA:133,0
DA:135,0
DA:137,0
DA:143,0
DA:148,0
DA:153,0
DA:166,0
LF:38
LH:0
BRDA:34,1,0,0
BRDA:34,1,1,0
BRDA:73,2,0,0
BRDA:73,2,1,0
BRDA:74,3,0,0
BRDA:74,3,1,0
BRDA:75,4,0,0
BRDA:75,4,1,0
BRDA:91,5,0,0
BRDA:91,5,1,0
BRDA:95,6,0,0
BRDA:95,6,1,0
BRDA:113,7,0,0
BRDA:113,7,1,0
BRDA:132,8,0,0
BRDA:132,8,1,0
BRF:16
BRH:0
end_of_record
TN:
SF:/Users/demis/lys-protocol/contracts/adapters/lido/interfaces/ILidoProtocol.sol
FNF:0
FNH:0
LF:0
LH:0
BRF:0
BRH:0
end_of_record
TN:
SF:/Users/demis/lys-protocol/contracts/adapters/lido/interfaces/IwstETH.sol
FNF:0
FNH:0
LF:0
LH:0
BRF:0
BRH:0
end_of_record
TN:
SF:/Users/demis/lys-protocol/contracts/adapters/lido/LidoAdapter.sol
FN:46,initialize
FN:91,deposit
FN:148,setprotocolAddress
FN:159,setWstETHAddress
FN:169,getProtocol
FN:174,claimEarnings
FN:179,getTokenPrice
FN:205,withdraw
FNF:8
FNH:0
FNDA:0,initialize
FNDA:0,deposit
FNDA:0,setprotocolAddress
FNDA:0,setWstETHAddress
FNDA:0,getProtocol
FNDA:0,claimEarnings
FNDA:0,getTokenPrice
FNDA:0,withdraw
DA:47,0
DA:48,0
DA:49,0
DA:51,0
DA:52,0
DA:53,0
DA:55,0
DA:57,0
DA:58,0
DA:59,0
DA:62,0
DA:65,0
DA:94,0
DA:95,0
DA:96,0
DA:97,0
DA:100,0
DA:103,0
DA:106,0
DA:109,0
DA:112,0
DA:115,0
DA:117,0
DA:118,0
DA:119,0
DA:121,0
DA:122,0
DA:125,0
DA:127,0
DA:129,0
DA:130,0
DA:132,0
DA:136,0
DA:139,0
DA:142,0
DA:149,0
DA:151,0
DA:153,0
DA:160,0
DA:162,0
DA:164,0
DA:170,0
DA:175,0
DA:181,0
DA:183,0
DA:184,0
DA:187,0
DA:190,0
DA:201,0
DA:214,0
LF:50
LH:0
BRDA:46,1,0,0
BRDA:46,1,1,0
BRDA:89,2,0,0
BRDA:89,2,1,0
BRDA:90,3,0,0
BRDA:90,3,1,0
BRDA:91,4,0,0
BRDA:91,4,1,0
BRDA:100,5,0,0
BRDA:100,5,1,0
BRDA:109,6,0,0
BRDA:109,6,1,0
BRDA:118,7,0,0
BRDA:118,7,1,0
BRDA:125,8,0,0
BRDA:125,8,1,0
BRDA:132,9,0,0
BRDA:132,9,1,0
BRDA:148,10,0,0
BRDA:148,10,1,0
BRDA:159,11,0,0
BRDA:159,11,1,0
BRDA:183,12,0,0
BRDA:183,12,1,0
BRDA:185,13,0,0
BRDA:185,13,1,0
BRDA:190,14,0,0
BRDA:190,14,1,0
BRF:28
BRH:0
end_of_record
TN:
SF:/Users/demis/lys-protocol/contracts/adapters/renzo/interfaces/IRenzoLiquifier.sol
FNF:0
FNH:0
LF:0
LH:0
BRF:0
BRH:0
end_of_record
TN:
SF:/Users/demis/lys-protocol/contracts/adapters/renzo/RenzoAdapter.sol
FN:35,initialize
FN:58,
FN:78,deposit
FN:128,setLiquifierAddress
FN:138,getProtocol
FN:143,claimEarnings
FN:148,getTokenPrice
FN:153,withdraw
FNF:8
FNH:0
FNDA:0,initialize
FNDA:0,
FNDA:0,deposit
FNDA:0,setLiquifierAddress
FNDA:0,getProtocol
FNDA:0,claimEarnings
FNDA:0,getTokenPrice
FNDA:0,withdraw
DA:36,0
DA:37,0
DA:38,0
DA:40,0
DA:41,0
DA:42,0
DA:44,0
DA:46,0
DA:47,0
DA:48,0
DA:51,0
DA:81,0
DA:82,0
DA:83,0
DA:84,0
DA:91,0
DA:92,0
DA:96,0
DA:101,0
DA:103,0
DA:104,0
DA:106,0
DA:112,0
DA:114,0
DA:116,0
DA:117,0
DA:121,0
DA:124,0
DA:129,0
DA:131,0
DA:133,0
DA:139,0
DA:144,0
DA:149,0
DA:162,0
LF:35
LH:0
BRDA:35,1,0,0
BRDA:35,1,1,0
BRDA:76,2,0,0
BRDA:76,2,1,0
BRDA:77,3,0,0
BRDA:77,3,1,0
BRDA:78,4,0,0
BRDA:78,4,1,0
BRDA:103,5,0,0
BRDA:103,5,1,0
BRDA:114,6,0,0
BRDA:114,6,1,0
BRDA:128,7,0,0
BRDA:128,7,1,0
BRF:14
BRH:0
end_of_record
TN:
SF:/Users/demis/lys-protocol/contracts/adapters/rocket/interfaces/IRETH.sol
FNF:0
FNH:0
LF:0
LH:0
BRF:0
BRH:0
end_of_record
TN:
SF:/Users/demis/lys-protocol/contracts/adapters/rocket/interfaces/IRocketDAOProtocolSettingsDeposit.sol
FNF:0
FNH:0
LF:0
LH:0
BRF:0
BRH:0
end_of_record
TN:
SF:/Users/demis/lys-protocol/contracts/adapters/rocket/interfaces/IRocketDepositPool.sol
FNF:0
FNH:0
LF:0
LH:0
BRF:0
BRH:0
end_of_record
TN:
SF:/Users/demis/lys-protocol/contracts/adapters/rocket/RocketAdapter.sol
FN:50,initialize
FN:94,deposit
FN:154,setprotocolAddress
FN:165,setRETHAddress
FN:175,getProtocol
FN:180,claimEarnings
FN:185,getTokenPrice
FN:198,withdraw
FNF:8
FNH:0
FNDA:0,initialize
FNDA:0,deposit
FNDA:0,setprotocolAddress
FNDA:0,setRETHAddress
FNDA:0,getProtocol
FNDA:0,claimEarnings
FNDA:0,getTokenPrice
FNDA:0,withdraw
DA:51,0
DA:52,0
DA:53,0
DA:54,0
DA:56,0
DA:57,0
DA:58,0
DA:60,0
DA:62,0
DA:63,0
DA:64,0
DA:65,0
DA:68,0
DA:71,0
DA:97,0
DA:98,0
DA:99,0
DA:100,0
DA:103,0
DA:106,0
DA:109,0
DA:112,0
DA:113,0
DA:116,0
DA:122,0
DA:123,0
DA:126,0
DA:129,0
DA:132,0
DA:135,0
DA:136,0
DA:138,0
DA:139,0
DA:142,0
DA:145,0
DA:148,0
DA:155,0
DA:157,0
DA:159,0
DA:166,0
DA:168,0
DA:170,0
DA:176,0
DA:181,0
DA:186,0
DA:207,0
DA:208,0
DA:209,0
DA:210,0
DA:211,0
DA:212,0
DA:214,0
DA:215,0
DA:217,0
DA:218,0
DA:222,0
DA:224,0
DA:227,0
DA:229,0
DA:232,0
DA:241,0
LF:61
LH:0
BRDA:50,1,0,0
BRDA:50,1,1,0
BRDA:92,2,0,0
BRDA:92,2,1,0
BRDA:93,3,0,0
BRDA:93,3,1,0
BRDA:94,4,0,0
BRDA:94,4,1,0
BRDA:103,5,0,0
BRDA:103,5,1,0
BRDA:112,6,0,0
BRDA:112,6,1,0
BRDA:116,7,0,0
BRDA:116,7,1,0
BRDA:126,8,0,0
BRDA:126,8,1,0
BRDA:136,9,0,0
BRDA:136,9,1,0
BRDA:154,10,0,0
BRDA:154,10,1,0
BRDA:165,11,0,0
BRDA:165,11,1,0
BRDA:217,12,0,0
BRDA:217,12,1,0
BRF:24
BRH:0
end_of_record
TN:
SF:/Users/demis/lys-protocol/contracts/adapters/stader/interfaces/IStaderStakePoolsManager.sol
FNF:0
FNH:0
LF:0
LH:0
BRF:0
BRH:0
end_of_record
TN:
SF:/Users/demis/lys-protocol/contracts/adapters/stader/StaderAdapter.sol
FN:44,initialize
FN:86,deposit
FN:138,setprotocolAddress
FN:149,setETHxAddress
FN:159,getProtocol
FN:164,claimEarnings
FN:169,getTokenPrice
FN:174,withdraw
FNF:8
FNH:0
FNDA:0,initialize
FNDA:0,deposit
FNDA:0,setprotocolAddress
FNDA:0,setETHxAddress
FNDA:0,getProtocol
FNDA:0,claimEarnings
FNDA:0,getTokenPrice
FNDA:0,withdraw
DA:45,0
DA:46,0
DA:47,0
DA:49,0
DA:50,0
DA:51,0
DA:53,0
DA:55,0
DA:56,0
DA:57,0
DA:60,0
DA:63,0
DA:89,0
DA:90,0
DA:91,0
DA:92,0
DA:95,0
DA:98,0
DA:101,0
DA:104,0
DA:107,0
DA:108,0
DA:109,0
DA:110,0
DA:113,0
DA:116,0
DA:120,0
DA:122,0
DA:123,0
DA:126,0
DA:129,0
DA:132,0
DA:139,0
DA:141,0
DA:143,0
DA:150,0
DA:152,0
DA:154,0
DA:160,0
DA:165,0
DA:170,0
DA:183,0
LF:42
LH:0
BRDA:44,1,0,0
BRDA:44,1,1,0
BRDA:84,2,0,0
BRDA:84,2,1,0
BRDA:85,3,0,0
BRDA:85,3,1,0
BRDA:86,4,0,0
BRDA:86,4,1,0
BRDA:95,5,0,0
BRDA:95,5,1,0
BRDA:104,6,0,0
BRDA:104,6,1,0
BRDA:107,7,0,0
BRDA:107,7,1,0
BRDA:109,8,0,0
BRDA:109,8,1,0
BRDA:120,9,0,0
BRDA:120,9,1,0
BRDA:138,10,0,0
BRDA:138,10,1,0
BRDA:149,11,0,0
BRDA:149,11,1,0
BRF:22
BRH:0
end_of_record
TN:
SF:/Users/demis/lys-protocol/contracts/adapters/uniswap/interfaces/IUniswapV3Protocol.sol
FNF:0
FNH:0
LF:0
LH:0
BRF:0
BRH:0
end_of_record
TN:
SF:/Users/demis/lys-protocol/contracts/adapters/uniswap/UniswapV3Adapter.sol
FN:45,initialize
FN:74,setPoolPerTokenForPrice
FN:87,setUniswapRouterAddress
FN:97,setUniswapQuoterAddress
FN:123,withdraw
FN:174,getAmountInForexactOutput
FN:198,getProtocol
FN:204,getTokenPrice
FN:223,deposit
FN:234,claimEarnings
FNF:10
FNH:0
FNDA:0,initialize
FNDA:0,setPoolPerTokenForPrice
FNDA:0,setUniswapRouterAddress
FNDA:0,setUniswapQuoterAddress
FNDA:0,withdraw
FNDA:0,getAmountInForexactOutput
FNDA:0,getProtocol
FNDA:0,getTokenPrice
FNDA:0,deposit
FNDA:0,claimEarnings
DA:46,0
DA:47,0
DA:48,0
DA:50,0
DA:51,0
DA:52,0
DA:54,0
DA:56,0
DA:57,0
DA:58,0
DA:61,0
DA:65,0
DA:75,0
DA:76,0
DA:78,0
DA:80,0
DA:88,0
DA:90,0
DA:92,0
DA:98,0
DA:100,0
DA:102,0
DA:124,0
DA:125,0
DA:126,0
DA:127,0
DA:128,0
DA:129,0
DA:132,0
DA:135,0
DA:139,0
DA:147,0
DA:150,0
DA:160,0
DA:162,0
DA:163,0
DA:166,0
DA:178,0
DA:189,0
DA:191,0
DA:193,0
DA:199,0
DA:207,0
DA:208,0
DA:211,0
DA:212,0
DA:214,0
DA:217,0
DA:219,0
DA:230,0
DA:235,0
LF:51
LH:0
BRDA:45,1,0,0
BRDA:45,1,1,0
BRDA:74,2,0,0
BRDA:74,2,1,0
BRDA:87,3,0,0
BRDA:87,3,1,0
BRDA:97,4,0,0
BRDA:97,4,1,0
BRDA:123,5,0,0
BRDA:123,5,1,0
BRDA:123,6,0,0
BRDA:123,6,1,0
BRDA:123,7,0,0
BRDA:123,7,1,0
BRDA:160,8,0,0
BRDA:160,8,1,0
BRDA:162,9,0,0
BRDA:162,9,1,0
BRDA:208,10,0,0
BRDA:208,10,1,0
BRDA:212,11,0,0
BRDA:212,11,1,0
BRDA:219,12,0,0
BRDA:219,12,1,0
BRF:24
BRH:0
end_of_record
TN:
SF:/Users/demis/lys-protocol/contracts/AggregatorToken.sol
FN:30,initialize
FN:64,name
FN:72,symbol
FN:89,decimals
FN:96,totalSupply
FN:100,balanceOf
FN:107,allowance
FN:115,exchangeRate
FN:126,getUnderlyingAsset
FN:135,vaultsOf
FN:144,numberOfVaults
FN:158,currentSharesPerVault
FN:180,currentAssetsPerVault
FN:207,lastSharesPerVault
FN:229,lastAssetsPerVault
FN:252,approve
FN:261,transfer
FN:270,transferFrom
FN:290,deposit
FN:324,withdraw
FN:349,updatePortfolioValuation
FN:359,getPortfolioLastExchangeRate
FN:377,_isVaultActive
FN:381,_checkSlippage
FN:392,_approve
FN:411,_spendAllowance
FN:429,_transfer
FN:457,_handleTransfer
FN:513,_transferSharesAndAssets
FN:533,_updateVaultBalances
FN:554,_addVaultIfNotPresent
FN:568,_removeVaultIfEmpty
FN:597,_updateUserPortfolio
FN:616,_updatePortfolioValuation
FN:650,_distributeDeposits
FN:691,_distributeWithdrawals
FN:729,_calculateValuePerShare
FN:738,_incrementVaultShares
FN:750,_decrementVaultShares
FNF:39
FNH:0
FNDA:0,initialize
FNDA:0,name
FNDA:0,symbol
FNDA:0,decimals
FNDA:0,totalSupply
FNDA:0,balanceOf
FNDA:0,allowance
FNDA:0,exchangeRate
FNDA:0,getUnderlyingAsset
FNDA:0,vaultsOf
FNDA:0,numberOfVaults
FNDA:0,currentSharesPerVault
FNDA:0,currentAssetsPerVault
FNDA:0,lastSharesPerVault
FNDA:0,lastAssetsPerVault
FNDA:0,approve
FNDA:0,transfer
FNDA:0,transferFrom
FNDA:0,deposit
FNDA:0,withdraw
FNDA:0,updatePortfolioValuation
FNDA:0,getPortfolioLastExchangeRate
FNDA:0,_isVaultActive
FNDA:0,_checkSlippage
FNDA:0,_approve
FNDA:0,_spendAllowance
FNDA:0,_transfer
FNDA:0,_handleTransfer
FNDA:0,_transferSharesAndAssets
FNDA:0,_updateVaultBalances
FNDA:0,_addVaultIfNotPresent
FNDA:0,_removeVaultIfEmpty
FNDA:0,_updateUserPortfolio
FNDA:0,_updatePortfolioValuation
FNDA:0,_distributeDeposits
FNDA:0,_distributeWithdrawals
FNDA:0,_calculateValuePerShare
FNDA:0,_incrementVaultShares
FNDA:0,_decrementVaultShares
DA:31,0
DA:32,0
DA:33,0
DA:34,0
DA:35,0
DA:38,0
DA:39,0
DA:42,0
DA:43,0
DA:44,0
DA:45,0
DA:46,0
DA:49,0
DA:50,0
DA:53,0
DA:54,0
DA:65,0
DA:73,0
DA:90,0
DA:97,0
DA:101,0
DA:108,0
DA:116,0
DA:117,0
DA:119,0
DA:127,0
DA:136,0
DA:145,0
DA:159,0
DA:160,0
DA:162,0
DA:163,0
DA:165,0
DA:166,0
DA:167,0
DA:168,0
DA:171,0
DA:181,0
DA:182,0
DA:184,0
DA:185,0
DA:187,0
DA:188,0
DA:189,0
DA:190,0
DA:191,0
DA:194,0
DA:208,0
DA:209,0
DA:211,0
DA:212,0
DA:214,0
DA:215,0
DA:216,0
DA:217,0
DA:220,0
DA:230,0
DA:231,0
DA:233,0
DA:234,0
DA:236,0
DA:237,0
DA:238,0
DA:239,0
DA:242,0
DA:253,0
DA:254,0
DA:255,0
DA:262,0
DA:263,0
DA:264,0
DA:271,0
DA:272,0
DA:273,0
DA:274,0
DA:291,0
DA:292,0
DA:293,0
DA:295,0
DA:297,0
DA:299,0
DA:301,0
DA:303,0
DA:304,0
DA:307,0
DA:309,0
DA:310,0
DA:325,0
DA:327,0
DA:329,0
DA:331,0
DA:332,0
DA:334,0
DA:335,0
DA:337,0
DA:339,0
DA:341,0
DA:350,0
DA:351,0
DA:360,0
DA:361,0
DA:362,0
DA:363,0
DA:365,0
DA:378,0
DA:382,0
DA:393,0
DA:394,0
DA:396,0
DA:397,0
DA:399,0
DA:400,0
DA:401,0
DA:412,0
DA:413,0
DA:414,0
DA:415,0
DA:417,0
DA:418,0
DA:430,0
DA:431,0
DA:433,0
DA:434,0
DA:437,0
DA:438,0
DA:440,0
DA:442,0
DA:443,0
DA:445,0
DA:462,0
DA:463,0
DA:466,0
DA:468,0
DA:470,0
DA:471,0
DA:472,0
DA:474,0
DA:475,0
DA:478,0
DA:480,0
DA:481,0
DA:484,0
DA:486,0
DA:487,0
DA:488,0
DA:491,0
DA:492,0
DA:496,0
DA:497,0
DA:500,0
DA:501,0
DA:520,0
DA:521,0
DA:522,0
DA:534,0
DA:535,0
DA:536,0
DA:537,0
DA:538,0
DA:541,0
DA:542,0
DA:543,0
DA:545,0
DA:555,0
DA:556,0
DA:557,0
DA:559,0
DA:569,0
DA:570,0
DA:572,0
DA:573,0
DA:574,0
DA:575,0
DA:578,0
DA:579,0
DA:583,0
DA:584,0
DA:585,0
DA:598,0
DA:599,0
DA:600,0
DA:601,0
DA:604,0
DA:605,0
DA:606,0
DA:617,0
DA:618,0
DA:619,0
DA:620,0
DA:621,0
DA:622,0
DA:623,0
DA:624,0
DA:626,0
DA:627,0
DA:630,0
DA:631,0
DA:635,0
DA:636,0
DA:638,0
DA:639,0
DA:655,0
DA:656,0
DA:657,0
DA:659,0
DA:660,0
DA:662,0
DA:664,0
DA:665,0
DA:667,0
DA:668,0
DA:671,0
DA:672,0
DA:674,0
DA:675,0
DA:678,0
DA:679,0
DA:696,0
DA:697,0
DA:698,0
DA:700,0
DA:701,0
DA:703,0
DA:704,0
DA:707,0
DA:709,0
DA:710,0
DA:712,0
DA:713,0
DA:715,0
DA:717,0
DA:718,0
DA:730,0
DA:739,0
DA:740,0
DA:741,0
DA:751,0
DA:752,0
LF:238
LH:0
BRDA:30,1,0,0
BRDA:30,1,1,0
BRDA:116,2,0,0
BRDA:116,2,1,0
BRDA:290,3,0,0
BRDA:290,3,1,0
BRDA:290,4,0,0
BRDA:290,4,1,0
BRDA:301,5,0,0
BRDA:301,5,1,0
BRDA:324,6,0,0
BRDA:324,6,1,0
BRDA:324,7,0,0
BRDA:324,7,1,0
BRDA:331,8,0,0
BRDA:331,8,1,0
BRDA:362,9,0,0
BRDA:362,9,1,0
BRDA:393,10,0,0
BRDA:393,10,1,0
BRDA:396,11,0,0
BRDA:396,11,1,0
BRDA:400,12,0,0
BRDA:400,12,1,0
BRDA:413,13,0,0
BRDA:413,13,1,0
BRDA:414,14,0,0
BRDA:414,14,1,0
BRDA:430,15,0,0
BRDA:430,15,1,0
BRDA:433,16,0,0
BRDA:433,16,1,0
BRDA:462,17,0,0
BRDA:462,17,1,0
BRDA:474,18,0,0
BRDA:474,18,1,0
BRDA:480,19,0,0
BRDA:480,19,1,0
BRDA:496,20,0,0
BRDA:496,20,1,0
BRDA:500,21,0,0
BRDA:500,21,1,0
BRDA:534,22,0,0
BRDA:534,22,1,0
BRDA:555,23,0,0
BRDA:555,23,1,0
BRDA:556,24,0,0
BRDA:556,24,1,0
BRDA:569,25,0,0
BRDA:569,25,1,0
BRDA:573,26,0,0
BRDA:573,26,1,0
BRDA:583,27,0,0
BRDA:583,27,1,0
BRDA:598,28,0,0
BRDA:598,28,1,0
BRDA:662,29,0,0
BRDA:662,29,1,0
BRDA:703,30,0,0
BRDA:703,30,1,0
BRDA:707,31,0,0
BRDA:707,31,1,0
BRF:62
BRH:0
end_of_record
TN:
SF:/Users/demis/lys-protocol/contracts/BaseAggregatorToken.sol
FN:46,setMaxVaultsPerHolder
FN:55,setTransferStrategy
FN:64,setAggregatorFeeModel
FN:70,pause
FN:75,unpause
FN:80,_checkZeroAddress
FN:85,_checkEmptyString
FN:90,_checkZeroAmount
FN:99,_validateArgumentsLength
FNF:9
FNH:0
FNDA:0,setMaxVaultsPerHolder
FNDA:0,setTransferStrategy
FNDA:0,setAggregatorFeeModel
FNDA:0,pause
FNDA:0,unpause
FNDA:0,_checkZeroAddress
FNDA:0,_checkEmptyString
FNDA:0,_checkZeroAmount
FNDA:0,_validateArgumentsLength
DA:47,0
DA:48,0
DA:56,0
DA:57,0
DA:65,0
DA:66,0
DA:71,0
DA:76,0
DA:81,0
DA:86,0
DA:91,0
DA:100,0
DA:101,0
LF:13
LH:0
BRDA:46,1,0,0
BRDA:46,1,1,0
BRDA:55,2,0,0
BRDA:55,2,1,0
BRDA:64,3,0,0
BRDA:64,3,1,0
BRDA:70,4,0,0
BRDA:70,4,1,0
BRDA:75,5,0,0
BRDA:75,5,1,0
BRDA:81,6,0,0
BRDA:81,6,1,0
BRDA:86,7,0,0
BRDA:86,7,1,0
BRDA:91,8,0,0
BRDA:91,8,1,0
BRDA:100,9,0,0
BRDA:100,9,1,0
BRF:18
BRH:0
end_of_record
TN:
SF:/Users/demis/lys-protocol/contracts/BaseStrategy.sol
FN:60,setVaultAddress
FN:72,setWithdrawStrategyAddress
FN:84,setStrategyName
FN:98,setPriceFeedPerToken
FN:112,_setAdaptersDeployPath
FN:134,_setAdaptersWithdrawPath
FN:158,setLiquidTokenAddress
FN:170,setWrappedLiquidTokenAddress
FN:187,_deployAssets
FN:212,pause
FN:218,unpause
FN:226,getTokenPrice
FN:253,_getFirstDepositAdapter
FN:259,_getLastDepositAdapter
FN:266,_getAdapterForWithdraw
FN:273,_getDeployedAssetsValue
FN:278,_checkZeroAddress
FN:283,_checkEmptyString
FN:288,_checkZeroAmount
FNF:19
FNH:0
FNDA:0,setVaultAddress
FNDA:0,setWithdrawStrategyAddress
FNDA:0,setStrategyName
FNDA:0,setPriceFeedPerToken
FNDA:0,_setAdaptersDeployPath
FNDA:0,_setAdaptersWithdrawPath
FNDA:0,setLiquidTokenAddress
FNDA:0,setWrappedLiquidTokenAddress
FNDA:0,_deployAssets
FNDA:0,pause
FNDA:0,unpause
FNDA:0,getTokenPrice
FNDA:0,_getFirstDepositAdapter
FNDA:0,_getLastDepositAdapter
FNDA:0,_getAdapterForWithdraw
FNDA:0,_getDeployedAssetsValue
FNDA:0,_checkZeroAddress
FNDA:0,_checkEmptyString
FNDA:0,_checkZeroAmount
DA:61,0
DA:63,0
DA:65,0
DA:73,0
DA:75,0
DA:77,0
DA:85,0
DA:87,0
DA:89,0
DA:99,0
DA:105,0
DA:107,0
DA:116,0
DA:118,0
DA:121,0
DA:123,0
DA:126,0
DA:127,0
DA:128,0
DA:138,0
DA:140,0
DA:143,0
DA:145,0
DA:148,0
DA:149,0
DA:150,0
DA:159,0
DA:161,0
DA:163,0
DA:171,0
DA:173,0
DA:175,0
DA:199,0
DA:207,0
DA:213,0
DA:219,0
DA:227,0
DA:231,0
DA:234,0
DA:236,0
DA:237,0
DA:239,0
DA:240,0
DA:243,0
DA:245,0
DA:248,0
DA:254,0
DA:261,0
DA:268,0
DA:274,0
DA:279,0
DA:284,0
DA:289,0
LF:53
LH:0
BRDA:60,1,0,0
BRDA:60,1,1,0
BRDA:72,2,0,0
BRDA:72,2,1,0
BRDA:84,3,0,0
BRDA:84,3,1,0
BRDA:98,4,0,0
BRDA:98,4,1,0
BRDA:99,5,0,0
BRDA:99,5,1,0
BRDA:100,6,0,0
BRDA:100,6,1,0
BRDA:118,7,0,0
BRDA:118,7,1,0
BRDA:140,8,0,0
BRDA:140,8,1,0
BRDA:158,9,0,0
BRDA:158,9,1,0
BRDA:170,10,0,0
BRDA:170,10,1,0
BRDA:212,11,0,0
BRDA:212,11,1,0
BRDA:218,12,0,0
BRDA:218,12,1,0
BRDA:227,13,0,0
BRDA:227,13,1,0
BRDA:228,14,0,0
BRDA:228,14,1,0
BRDA:231,15,0,0
BRDA:231,15,1,0
BRDA:231,16,0,0
BRDA:231,16,1,0
BRDA:237,17,0,0
BRDA:237,17,1,0
BRDA:243,18,0,0
BRDA:243,18,1,0
BRDA:279,19,0,0
BRDA:279,19,1,0
BRDA:284,20,0,0
BRDA:284,20,1,0
BRDA:289,21,0,0
BRDA:289,21,1,0
BRF:42
BRH:0
end_of_record
TN:
SF:/Users/demis/lys-protocol/contracts/BaseVault.sol
FN:60,setVaultsRegistryAddress
FN:72,setMasterTokenAddress
FN:84,setVaultStrategyAddress
FN:96,setWithdrawStrategyAddress
FN:107,setLiveValuation
FN:120,setValuationSource
FN:129,pause
FN:134,unpause
FN:139,_checkZeroAddress
FN:144,_checkEmptyString
FN:149,_checkZeroAmount
FNF:11
FNH:0
FNDA:0,setVaultsRegistryAddress
FNDA:0,setMasterTokenAddress
FNDA:0,setVaultStrategyAddress
FNDA:0,setWithdrawStrategyAddress
FNDA:0,setLiveValuation
FNDA:0,setValuationSource
FNDA:0,pause
FNDA:0,unpause
FNDA:0,_checkZeroAddress
FNDA:0,_checkEmptyString
FNDA:0,_checkZeroAmount
DA:61,0
DA:63,0
DA:65,0
DA:73,0
DA:75,0
DA:77,0
DA:85,0
DA:87,0
DA:89,0
DA:97,0
DA:99,0
DA:101,0
DA:108,0
DA:110,0
DA:112,0
DA:121,0
DA:123,0
DA:125,0
DA:130,0
DA:135,0
DA:140,0
DA:145,0
DA:150,0
LF:23
LH:0
BRDA:60,1,0,0
BRDA:60,1,1,0
BRDA:72,2,0,0
BRDA:72,2,1,0
BRDA:84,3,0,0
BRDA:84,3,1,0
BRDA:96,4,0,0
BRDA:96,4,1,0
BRDA:107,5,0,0
BRDA:107,5,1,0
BRDA:108,6,0,0
BRDA:108,6,1,0
BRDA:112,7,0,0
BRDA:112,7,1,0
BRDA:120,8,0,0
BRDA:120,8,1,0
BRDA:121,9,0,0
BRDA:121,9,1,0
BRDA:121,10,0,0
BRDA:121,10,1,0
BRDA:129,11,0,0
BRDA:129,11,1,0
BRDA:134,12,0,0
BRDA:134,12,1,0
BRDA:140,13,0,0
BRDA:140,13,1,0
BRDA:145,14,0,0
BRDA:145,14,1,0
BRDA:150,15,0,0
BRDA:150,15,1,0
BRF:30
BRH:0
end_of_record
TN:
SF:/Users/demis/lys-protocol/contracts/Counter.sol
FN:11,constructor
FN:16,incrementCount
FN:21,decrementCount
FN:26,getCount
FN:31,setCount
FNF:5
FNH:0
FNDA:0,constructor
FNDA:0,incrementCount
FNDA:0,decrementCount
FNDA:0,getCount
FNDA:0,setCount
DA:12,0
DA:17,0
DA:22,0
DA:27,0
DA:32,0
LF:5
LH:0
BRF:0
BRH:0
end_of_record
TN:
SF:/Users/demis/lys-protocol/contracts/helpers/Swapper.sol
FN:31,initialize
FN:43,setDefaultSlippage
FN:56,setDexData
FN:77,swap
FNF:4
FNH:0
FNDA:0,initialize
FNDA:0,setDefaultSlippage
FNDA:0,setDexData
FNDA:0,swap
DA:32,0
DA:33,0
DA:35,0
DA:36,0
DA:37,0
DA:38,0
DA:44,0
DA:45,0
DA:57,0
DA:58,0
DA:78,0
DA:79,0
DA:81,0
DA:83,0
DA:84,0
DA:86,0
DA:88,0
DA:89,0
DA:91,0
DA:93,0
LF:20
LH:0
BRDA:31,1,0,0
BRDA:31,1,1,0
BRDA:32,2,0,0
BRDA:32,2,1,0
BRDA:33,3,0,0
BRDA:33,3,1,0
BRDA:43,4,0,0
BRDA:43,4,1,0
BRDA:56,5,0,0
BRDA:56,5,1,0
BRDA:57,6,0,0
BRDA:57,6,1,0
BRDA:57,7,0,0
BRDA:57,7,1,0
BRDA:77,8,0,0
BRDA:77,8,1,0
BRDA:79,9,0,0
BRDA:79,9,1,0
BRDA:84,10,0,0
BRDA:84,10,1,0
BRDA:89,11,0,0
BRDA:89,11,1,0
BRF:22
BRH:0
end_of_record
TN:
SF:/Users/demis/lys-protocol/contracts/transferStrategy/UniformTransferStrategy.sol
FN:24,initialize
FN:54,executePartialTransferStrategy
FN:77,setAggregatorTokenAddress
FN:83,_checkZeroAddress
FNF:4
FNH:0
FNDA:0,initialize
FNDA:0,executePartialTransferStrategy
FNDA:0,setAggregatorTokenAddress
FNDA:0,_checkZeroAddress
DA:25,0
DA:26,0
DA:29,0
DA:32,0
DA:33,0
DA:36,0
DA:55,0
DA:57,0
DA:58,0
DA:60,0
DA:61,0
DA:62,0
DA:63,0
DA:64,0
DA:66,0
DA:68,0
DA:69,0
DA:70,0
DA:74,0
DA:78,0
DA:79,0
DA:84,0
LF:22
LH:0
BRDA:24,1,0,0
BRDA:24,1,1,0
BRDA:54,2,0,0
BRDA:54,2,1,0
BRDA:63,3,0,0
BRDA:63,3,1,0
BRDA:68,4,0,0
BRDA:68,4,1,0
BRDA:77,5,0,0
BRDA:77,5,1,0
BRDA:84,6,0,0
BRDA:84,6,1,0
BRF:12
BRH:0
end_of_record
TN:
SF:/Users/demis/lys-protocol/contracts/Vault.sol
FN:37,initialize
FN:66,mint
FN:81,deposit
FN:117,withdraw
FN:155,redeem
FN:181,deployAssets
FN:211,harvest
FN:229,updateVaultValuation
FN:253,totalAssets
FN:267,_whitdrawAssets
FN:306,_liveValuationDeposit
FN:312,_liveValuationWithdraw
FNF:12
FNH:0
FNDA:0,initialize
FNDA:0,mint
FNDA:0,deposit
FNDA:0,withdraw
FNDA:0,redeem
FNDA:0,deployAssets
FNDA:0,harvest
FNDA:0,updateVaultValuation
FNDA:0,totalAssets
FNDA:0,_whitdrawAssets
FNDA:0,_liveValuationDeposit
FNDA:0,_liveValuationWithdraw
DA:38,0
DA:39,0
DA:40,0
DA:41,0
DA:42,0
DA:43,0
DA:46,0
DA:47,0
DA:48,0
DA:49,0
DA:50,0
DA:53,0
DA:56,0
DA:57,0
DA:60,0
DA:61,0
DA:67,0
DA:85,0
DA:86,0
DA:90,0
DA:93,0
DA:94,0
DA:97,0
DA:101,0
DA:124,0
DA:125,0
DA:126,0
DA:130,0
DA:133,0
DA:135,0
DA:139,0
DA:159,0
DA:160,0
DA:161,0
DA:165,0
DA:168,0
DA:171,0
DA:175,0
DA:183,0
DA:184,0
DA:187,0
DA:188,0
DA:191,0
DA:200,0
DA:203,0
DA:205,0
DA:212,0
DA:215,0
DA:218,0
DA:220,0
DA:231,0
DA:233,0
DA:236,0
DA:239,0
DA:241,0
DA:248,0
DA:255,0
DA:257,0
DA:274,0
DA:278,0
DA:280,0
DA:282,0
DA:285,0
DA:288,0
DA:291,0
DA:294,0
DA:298,0
DA:302,0
DA:308,0
DA:314,0
LF:70
LH:0
BRDA:37,1,0,0
BRDA:37,1,1,0
BRDA:80,2,0,0
BRDA:80,2,1,0
BRDA:81,3,0,0
BRDA:81,3,1,0
BRDA:116,4,0,0
BRDA:116,4,1,0
BRDA:117,5,0,0
BRDA:117,5,1,0
BRDA:154,6,0,0
BRDA:154,6,1,0
BRDA:155,7,0,0
BRDA:155,7,1,0
BRDA:181,8,0,0
BRDA:181,8,1,0
BRDA:200,9,0,0
BRDA:200,9,1,0
BRDA:211,10,0,0
BRDA:211,10,1,0
BRDA:229,11,0,0
BRDA:229,11,1,0
BRDA:231,12,0,0
BRDA:231,12,1,0
BRDA:231,13,0,0
BRDA:231,13,1,0
BRDA:280,14,0,0
BRDA:280,14,1,0
BRDA:308,15,0,0
BRDA:308,15,1,0
BRDA:314,16,0,0
BRDA:314,16,1,0
BRF:32
BRH:0
end_of_record
TN:
SF:/Users/demis/lys-protocol/contracts/VaultsRegistry.sol
FN:34,initialize
FN:50,setDefaultFeeRate
FN:60,setVaultImplementation
FN:71,setVaultStatus
FN:91,deployVault
FN:121,getbeaconProxyAddress
FN:126,getVaultImplementationAddress
FN:133,isVaultActive
FN:140,_checkZeroAddress
FNF:9
FNH:0
FNDA:0,initialize
FNDA:0,setDefaultFeeRate
FNDA:0,setVaultImplementation
FNDA:0,setVaultStatus
FNDA:0,deployVault
FNDA:0,getbeaconProxyAddress
FNDA:0,getVaultImplementationAddress
FNDA:0,isVaultActive
FNDA:0,_checkZeroAddress
DA:35,0
DA:37,0
DA:39,0
DA:41,0
DA:43,0
DA:45,0
DA:51,0
DA:53,0
DA:55,0
DA:61,0
DA:63,0
DA:65,0
DA:72,0
DA:74,0
DA:76,0
DA:92,0
DA:93,0
DA:94,0
DA:95,0
DA:96,0
DA:98,0
DA:113,0
DA:115,0
DA:117,0
DA:122,0
DA:127,0
DA:134,0
DA:141,0
LF:28
LH:0
BRDA:34,1,0,0
BRDA:34,1,1,0
BRDA:35,2,0,0
BRDA:35,2,1,0
BRDA:50,3,0,0
BRDA:50,3,1,0
BRDA:51,4,0,0
BRDA:51,4,1,0
BRDA:60,5,0,0
BRDA:60,5,1,0
BRDA:71,6,0,0
BRDA:71,6,1,0
BRDA:91,7,0,0
BRDA:91,7,1,0
BRDA:95,8,0,0
BRDA:95,8,1,0
BRDA:96,9,0,0
BRDA:96,9,1,0
BRDA:113,10,0,0
BRDA:113,10,1,0
BRDA:121,11,0,0
BRDA:121,11,1,0
BRDA:141,12,0,0
BRDA:141,12,1,0
BRF:24
BRH:0
end_of_record
TN:
SF:/Users/demis/lys-protocol/contracts/vaultStrategies/StrSimpleReStaking.sol
FN:63,initialize
FN:89,setAdaptersDeployPath
FN:97,setAdaptersWithdrawPath
FN:107,buildPath
FN:142,executeDeploymentStrategy
FN:208,updateDeployedAssetVaule
FN:229,executeWithdrawStrategy
FN:251,wrapToken
FN:275,unwrapToken
FN:297,getFirstDepositAdapter
FN:302,getDeployedAssetsValue
FN:307,executeHarvest
FN:317,_immediateWithdraw
FNF:13
FNH:0
FNDA:0,initialize
FNDA:0,setAdaptersDeployPath
FNDA:0,setAdaptersWithdrawPath
FNDA:0,buildPath
FNDA:0,executeDeploymentStrategy
FNDA:0,updateDeployedAssetVaule
FNDA:0,executeWithdrawStrategy
FNDA:0,wrapToken
FNDA:0,unwrapToken
FNDA:0,getFirstDepositAdapter
FNDA:0,getDeployedAssetsValue
FNDA:0,executeHarvest
FNDA:0,_immediateWithdraw
DA:64,0
DA:65,0
DA:66,0
DA:69,0
DA:72,0
DA:75,0
DA:76,0
DA:79,0
DA:80,0
DA:82,0
DA:90,0
DA:98,0
DA:108,0
DA:109,0
DA:111,0
DA:112,0
DA:114,0
DA:115,0
DA:118,0
DA:119,0
DA:122,0
DA:123,0
DA:124,0
DA:127,0
DA:143,0
DA:144,0
DA:145,0
DA:146,0
DA:149,0
DA:152,0
DA:156,0
DA:166,0
DA:167,0
DA:171,0
DA:174,0
DA:177,0
DA:181,0
DA:191,0
DA:192,0
DA:198,0
DA:200,0
DA:210,0
DA:213,0
DA:216,0
DA:220,0
DA:222,0
DA:231,0
DA:232,0
DA:233,0
DA:235,0
DA:241,0
DA:243,0
DA:245,0
DA:252,0
DA:255,0
DA:257,0
DA:259,0
DA:260,0
DA:262,0
DA:269,0
DA:276,0
DA:279,0
DA:281,0
DA:283,0
DA:284,0
DA:286,0
DA:293,0
DA:298,0
DA:303,0
DA:308,0
DA:323,0
DA:331,0
DA:340,0
DA:343,0
DA:344,0
DA:361,0
DA:365,0
DA:369,0
DA:372,0
DA:376,0
DA:379,0
DA:380,0
DA:383,0
DA:386,0
DA:398,0
DA:399,0
DA:403,0
DA:404,0
DA:408,0
LF:89
LH:0
BRDA:63,1,0,0
BRDA:63,1,1,0
BRDA:89,2,0,0
BRDA:89,2,1,0
BRDA:97,3,0,0
BRDA:97,3,1,0
BRDA:107,4,0,0
BRDA:107,4,1,0
BRDA:111,5,0,0
BRDA:111,5,1,0
BRDA:112,6,0,0
BRDA:112,6,1,0
BRDA:142,7,0,0
BRDA:142,7,1,0
BRDA:142,8,0,0
BRDA:142,8,1,0
BRDA:166,9,0,0
BRDA:166,9,1,0
BRDA:191,10,0,0
BRDA:191,10,1,0
BRDA:191,11,0,0
BRDA:191,11,1,0
BRDA:208,12,0,0
BRDA:208,12,1,0
BRDA:210,13,0,0
BRDA:210,13,1,0
BRDA:210,14,0,0
BRDA:210,14,1,0
BRDA:229,15,0,0
BRDA:229,15,1,0
BRDA:229,16,0,0
BRDA:229,16,1,0
BRDA:241,17,0,0
BRDA:241,17,1,0
BRDA:251,18,0,0
BRDA:251,18,1,0
BRDA:252,19,0,0
BRDA:252,19,1,0
BRDA:259,20,0,0
BRDA:259,20,1,0
BRDA:275,21,0,0
BRDA:275,21,1,0
BRDA:276,22,0,0
BRDA:276,22,1,0
BRDA:283,23,0,0
BRDA:283,23,1,0
BRDA:324,24,0,0
BRDA:324,24,1,0
BRDA:344,25,0,0
BRDA:344,25,1,0
BRDA:365,26,0,0
BRDA:365,26,1,0
BRDA:379,27,0,0
BRDA:379,27,1,0
BRDA:398,28,0,0
BRDA:398,28,1,0
BRDA:403,29,0,0
BRDA:403,29,1,0
BRF:58
BRH:0
end_of_record
TN:
SF:/Users/demis/lys-protocol/contracts/vaultStrategies/StrSimpleStaking.sol
FN:63,initialize
FN:89,setAdaptersDeployPath
FN:97,setAdaptersWithdrawPath
FN:107,buildPath
FN:142,executeDeploymentStrategy
FN:183,updateDeployedAssetVaule
FN:204,executeWithdrawStrategy
FN:226,wrapToken
FN:250,unwrapToken
FN:272,getFirstDepositAdapter
FN:277,getDeployedAssetsValue
FN:282,executeHarvest
FN:292,_immediateWithdraw
FNF:13
FNH:0
FNDA:0,initialize
FNDA:0,setAdaptersDeployPath
FNDA:0,setAdaptersWithdrawPath
FNDA:0,buildPath
FNDA:0,executeDeploymentStrategy
FNDA:0,updateDeployedAssetVaule
FNDA:0,executeWithdrawStrategy
FNDA:0,wrapToken
FNDA:0,unwrapToken
FNDA:0,getFirstDepositAdapter
FNDA:0,getDeployedAssetsValue
FNDA:0,executeHarvest
FNDA:0,_immediateWithdraw
DA:64,0
DA:65,0
DA:66,0
DA:69,0
DA:72,0
DA:75,0
DA:76,0
DA:79,0
DA:80,0
DA:82,0
DA:90,0
DA:98,0
DA:108,0
DA:109,0
DA:111,0
DA:112,0
DA:114,0
DA:115,0
DA:118,0
DA:119,0
DA:122,0
DA:123,0
DA:124,0
DA:127,0
DA:143,0
DA:144,0
DA:145,0
DA:146,0
DA:149,0
DA:152,0
DA:156,0
DA:166,0
DA:167,0
DA:173,0
DA:175,0
DA:185,0
DA:188,0
DA:191,0
DA:195,0
DA:197,0
DA:206,0
DA:207,0
DA:208,0
DA:210,0
DA:216,0
DA:218,0
DA:220,0
DA:227,0
DA:230,0
DA:232,0
DA:234,0
DA:235,0
DA:237,0
DA:244,0
DA:251,0
DA:254,0
DA:256,0
DA:258,0
DA:259,0
DA:261,0
DA:268,0
DA:273,0
DA:278,0
DA:283,0
DA:298,0
DA:306,0
DA:314,0
DA:317,0
DA:318,0
DA:335,0
DA:338,0
DA:343,0
DA:346,0
DA:350,0
DA:353,0
DA:354,0
DA:360,0
DA:363,0
DA:375,0
DA:376,0
DA:380,0
DA:381,0
DA:385,0
LF:83
LH:0
BRDA:63,1,0,0
BRDA:63,1,1,0
BRDA:89,2,0,0
BRDA:89,2,1,0
BRDA:97,3,0,0
BRDA:97,3,1,0
BRDA:107,4,0,0
BRDA:107,4,1,0
BRDA:111,5,0,0
BRDA:111,5,1,0
BRDA:112,6,0,0
BRDA:112,6,1,0
BRDA:142,7,0,0
BRDA:142,7,1,0
BRDA:166,8,0,0
BRDA:166,8,1,0
BRDA:166,9,0,0
BRDA:166,9,1,0
BRDA:183,10,0,0
BRDA:183,10,1,0
BRDA:185,11,0,0
BRDA:185,11,1,0
BRDA:185,12,0,0
BRDA:185,12,1,0
BRDA:204,13,0,0
BRDA:204,13,1,0
BRDA:216,14,0,0
BRDA:216,14,1,0
BRDA:226,15,0,0
BRDA:226,15,1,0
BRDA:227,16,0,0
BRDA:227,16,1,0
BRDA:234,17,0,0
BRDA:234,17,1,0
BRDA:250,18,0,0
BRDA:250,18,1,0
BRDA:251,19,0,0
BRDA:251,19,1,0
BRDA:258,20,0,0
BRDA:258,20,1,0
BRDA:299,21,0,0
BRDA:299,21,1,0
BRDA:318,22,0,0
BRDA:318,22,1,0
BRDA:338,23,0,0
BRDA:338,23,1,0
BRDA:353,24,0,0
BRDA:353,24,1,0
BRDA:375,25,0,0
BRDA:375,25,1,0
BRDA:380,26,0,0
BRDA:380,26,1,0
BRF:52
BRH:0
end_of_record
TN:
SF:/Users/demis/lys-protocol/contracts/withdrawStrategies/StrWithdrawStandard.sol
FN:22,initialize
FN:50,setAdaptersWithdrawPath
FN:58,executeWithdrawStrategy
FNF:3
FNH:0
FNDA:0,initialize
FNDA:0,setAdaptersWithdrawPath
FNDA:0,executeWithdrawStrategy
DA:25,0
DA:26,0
DA:27,0
DA:28,0
DA:31,0
DA:34,0
DA:37,0
DA:40,0
DA:41,0
DA:42,0
DA:43,0
DA:51,0
DA:59,0
LF:13
LH:0
BRDA:22,1,0,0
BRDA:22,1,1,0
BRDA:50,2,0,0
BRDA:50,2,1,0
BRDA:58,3,0,0
BRDA:58,3,1,0
BRF:6
BRH:0
end_of_record
